<?xml version="1.0" encoding="UTF-8"?>
<testsuite xmlns:xsi="http://www.w3.org/2001/XMLSchema-instance" xsi:noNamespaceSchemaLocation="https://maven.apache.org/surefire/maven-surefire-plugin/xsd/surefire-test-report-3.0.xsd" version="3.0" name="nl.nl0e0.orchestrationamqp.contract.producer.ContractVerifierTest" time="8.328" tests="4" errors="1" skipped="0" failures="0">
  <properties>
    <property name="java.specification.version" value="17"/>
    <property name="sun.jnu.encoding" value="UTF-8"/>
    <property name="java.class.path" value="/Users/rediana/Project/Orchestration-Amqp/Orchestration-Amqp/target/test-classes:/Users/rediana/Project/Orchestration-Amqp/Orchestration-Amqp/target/classes:/Users/rediana/.m2/repository/org/springframework/boot/spring-boot-starter/3.3.1/spring-boot-starter-3.3.1.jar:/Users/rediana/.m2/repository/org/springframework/boot/spring-boot/3.3.1/spring-boot-3.3.1.jar:/Users/rediana/.m2/repository/org/springframework/boot/spring-boot-autoconfigure/3.3.1/spring-boot-autoconfigure-3.3.1.jar:/Users/rediana/.m2/repository/org/springframework/boot/spring-boot-starter-logging/3.3.1/spring-boot-starter-logging-3.3.1.jar:/Users/rediana/.m2/repository/ch/qos/logback/logback-classic/1.5.6/logback-classic-1.5.6.jar:/Users/rediana/.m2/repository/ch/qos/logback/logback-core/1.5.6/logback-core-1.5.6.jar:/Users/rediana/.m2/repository/org/apache/logging/log4j/log4j-to-slf4j/2.23.1/log4j-to-slf4j-2.23.1.jar:/Users/rediana/.m2/repository/org/apache/logging/log4j/log4j-api/2.23.1/log4j-api-2.23.1.jar:/Users/rediana/.m2/repository/org/slf4j/jul-to-slf4j/2.0.13/jul-to-slf4j-2.0.13.jar:/Users/rediana/.m2/repository/jakarta/annotation/jakarta.annotation-api/2.1.1/jakarta.annotation-api-2.1.1.jar:/Users/rediana/.m2/repository/org/springframework/spring-core/6.1.10/spring-core-6.1.10.jar:/Users/rediana/.m2/repository/org/springframework/spring-jcl/6.1.10/spring-jcl-6.1.10.jar:/Users/rediana/.m2/repository/org/yaml/snakeyaml/2.2/snakeyaml-2.2.jar:/Users/rediana/.m2/repository/org/springframework/boot/spring-boot-starter-validation/3.3.1/spring-boot-starter-validation-3.3.1.jar:/Users/rediana/.m2/repository/org/apache/tomcat/embed/tomcat-embed-el/10.1.25/tomcat-embed-el-10.1.25.jar:/Users/rediana/.m2/repository/org/hibernate/validator/hibernate-validator/8.0.1.Final/hibernate-validator-8.0.1.Final.jar:/Users/rediana/.m2/repository/jakarta/validation/jakarta.validation-api/3.0.2/jakarta.validation-api-3.0.2.jar:/Users/rediana/.m2/repository/org/jboss/logging/jboss-logging/3.5.3.Final/jboss-logging-3.5.3.Final.jar:/Users/rediana/.m2/repository/com/fasterxml/classmate/1.7.0/classmate-1.7.0.jar:/Users/rediana/.m2/repository/org/springframework/boot/spring-boot-starter-web/3.3.1/spring-boot-starter-web-3.3.1.jar:/Users/rediana/.m2/repository/org/springframework/boot/spring-boot-starter-json/3.3.1/spring-boot-starter-json-3.3.1.jar:/Users/rediana/.m2/repository/com/fasterxml/jackson/datatype/jackson-datatype-jdk8/2.17.1/jackson-datatype-jdk8-2.17.1.jar:/Users/rediana/.m2/repository/com/fasterxml/jackson/datatype/jackson-datatype-jsr310/2.17.1/jackson-datatype-jsr310-2.17.1.jar:/Users/rediana/.m2/repository/com/fasterxml/jackson/module/jackson-module-parameter-names/2.17.1/jackson-module-parameter-names-2.17.1.jar:/Users/rediana/.m2/repository/org/springframework/boot/spring-boot-starter-tomcat/3.3.1/spring-boot-starter-tomcat-3.3.1.jar:/Users/rediana/.m2/repository/org/apache/tomcat/embed/tomcat-embed-core/10.1.25/tomcat-embed-core-10.1.25.jar:/Users/rediana/.m2/repository/org/apache/tomcat/embed/tomcat-embed-websocket/10.1.25/tomcat-embed-websocket-10.1.25.jar:/Users/rediana/.m2/repository/org/springframework/spring-web/6.1.10/spring-web-6.1.10.jar:/Users/rediana/.m2/repository/org/springframework/spring-beans/6.1.10/spring-beans-6.1.10.jar:/Users/rediana/.m2/repository/org/springframework/spring-webmvc/6.1.10/spring-webmvc-6.1.10.jar:/Users/rediana/.m2/repository/org/springframework/spring-aop/6.1.10/spring-aop-6.1.10.jar:/Users/rediana/.m2/repository/org/springframework/spring-expression/6.1.10/spring-expression-6.1.10.jar:/Users/rediana/.m2/repository/org/springframework/boot/spring-boot-starter-data-jpa/3.3.1/spring-boot-starter-data-jpa-3.3.1.jar:/Users/rediana/.m2/repository/org/springframework/boot/spring-boot-starter-aop/3.3.1/spring-boot-starter-aop-3.3.1.jar:/Users/rediana/.m2/repository/org/aspectj/aspectjweaver/1.9.22/aspectjweaver-1.9.22.jar:/Users/rediana/.m2/repository/org/springframework/boot/spring-boot-starter-jdbc/3.3.1/spring-boot-starter-jdbc-3.3.1.jar:/Users/rediana/.m2/repository/com/zaxxer/HikariCP/5.1.0/HikariCP-5.1.0.jar:/Users/rediana/.m2/repository/org/springframework/spring-jdbc/6.1.10/spring-jdbc-6.1.10.jar:/Users/rediana/.m2/repository/org/hibernate/orm/hibernate-core/6.5.2.Final/hibernate-core-6.5.2.Final.jar:/Users/rediana/.m2/repository/jakarta/persistence/jakarta.persistence-api/3.1.0/jakarta.persistence-api-3.1.0.jar:/Users/rediana/.m2/repository/jakarta/transaction/jakarta.transaction-api/2.0.1/jakarta.transaction-api-2.0.1.jar:/Users/rediana/.m2/repository/org/hibernate/common/hibernate-commons-annotations/6.0.6.Final/hibernate-commons-annotations-6.0.6.Final.jar:/Users/rediana/.m2/repository/io/smallrye/jandex/3.1.2/jandex-3.1.2.jar:/Users/rediana/.m2/repository/net/bytebuddy/byte-buddy/1.14.17/byte-buddy-1.14.17.jar:/Users/rediana/.m2/repository/org/glassfish/jaxb/jaxb-runtime/4.0.5/jaxb-runtime-4.0.5.jar:/Users/rediana/.m2/repository/org/glassfish/jaxb/jaxb-core/4.0.5/jaxb-core-4.0.5.jar:/Users/rediana/.m2/repository/org/eclipse/angus/angus-activation/2.0.2/angus-activation-2.0.2.jar:/Users/rediana/.m2/repository/org/glassfish/jaxb/txw2/4.0.5/txw2-4.0.5.jar:/Users/rediana/.m2/repository/com/sun/istack/istack-commons-runtime/4.1.2/istack-commons-runtime-4.1.2.jar:/Users/rediana/.m2/repository/jakarta/inject/jakarta.inject-api/2.0.1/jakarta.inject-api-2.0.1.jar:/Users/rediana/.m2/repository/org/antlr/antlr4-runtime/4.13.0/antlr4-runtime-4.13.0.jar:/Users/rediana/.m2/repository/org/springframework/data/spring-data-jpa/3.3.1/spring-data-jpa-3.3.1.jar:/Users/rediana/.m2/repository/org/springframework/data/spring-data-commons/3.3.1/spring-data-commons-3.3.1.jar:/Users/rediana/.m2/repository/org/springframework/spring-orm/6.1.10/spring-orm-6.1.10.jar:/Users/rediana/.m2/repository/org/slf4j/slf4j-api/2.0.13/slf4j-api-2.0.13.jar:/Users/rediana/.m2/repository/org/springframework/spring-aspects/6.1.10/spring-aspects-6.1.10.jar:/Users/rediana/.m2/repository/org/projectlombok/lombok/1.18.32/lombok-1.18.32.jar:/Users/rediana/.m2/repository/org/springframework/boot/spring-boot-starter-test/3.3.1/spring-boot-starter-test-3.3.1.jar:/Users/rediana/.m2/repository/org/springframework/boot/spring-boot-test/3.3.1/spring-boot-test-3.3.1.jar:/Users/rediana/.m2/repository/org/springframework/boot/spring-boot-test-autoconfigure/3.3.1/spring-boot-test-autoconfigure-3.3.1.jar:/Users/rediana/.m2/repository/com/jayway/jsonpath/json-path/2.9.0/json-path-2.9.0.jar:/Users/rediana/.m2/repository/net/minidev/json-smart/2.5.1/json-smart-2.5.1.jar:/Users/rediana/.m2/repository/net/minidev/accessors-smart/2.5.1/accessors-smart-2.5.1.jar:/Users/rediana/.m2/repository/org/ow2/asm/asm/9.6/asm-9.6.jar:/Users/rediana/.m2/repository/org/assertj/assertj-core/3.25.3/assertj-core-3.25.3.jar:/Users/rediana/.m2/repository/org/awaitility/awaitility/4.2.1/awaitility-4.2.1.jar:/Users/rediana/.m2/repository/org/hamcrest/hamcrest/2.2/hamcrest-2.2.jar:/Users/rediana/.m2/repository/org/junit/jupiter/junit-jupiter/5.10.2/junit-jupiter-5.10.2.jar:/Users/rediana/.m2/repository/org/junit/jupiter/junit-jupiter-params/5.10.2/junit-jupiter-params-5.10.2.jar:/Users/rediana/.m2/repository/org/mockito/mockito-core/5.11.0/mockito-core-5.11.0.jar:/Users/rediana/.m2/repository/net/bytebuddy/byte-buddy-agent/1.14.17/byte-buddy-agent-1.14.17.jar:/Users/rediana/.m2/repository/org/objenesis/objenesis/3.3/objenesis-3.3.jar:/Users/rediana/.m2/repository/org/mockito/mockito-junit-jupiter/5.11.0/mockito-junit-jupiter-5.11.0.jar:/Users/rediana/.m2/repository/org/skyscreamer/jsonassert/1.5.1/jsonassert-1.5.1.jar:/Users/rediana/.m2/repository/com/vaadin/external/google/android-json/0.0.20131108.vaadin1/android-json-0.0.20131108.vaadin1.jar:/Users/rediana/.m2/repository/org/springframework/spring-test/6.1.10/spring-test-6.1.10.jar:/Users/rediana/.m2/repository/org/xmlunit/xmlunit-core/2.9.1/xmlunit-core-2.9.1.jar:/Users/rediana/.m2/repository/org/springframework/amqp/spring-rabbit/3.1.0/spring-rabbit-3.1.0.jar:/Users/rediana/.m2/repository/org/springframework/amqp/spring-amqp/3.1.6/spring-amqp-3.1.6.jar:/Users/rediana/.m2/repository/org/springframework/retry/spring-retry/2.0.6/spring-retry-2.0.6.jar:/Users/rediana/.m2/repository/com/rabbitmq/amqp-client/5.21.0/amqp-client-5.21.0.jar:/Users/rediana/.m2/repository/org/springframework/spring-context/6.1.10/spring-context-6.1.10.jar:/Users/rediana/.m2/repository/org/springframework/spring-messaging/6.1.10/spring-messaging-6.1.10.jar:/Users/rediana/.m2/repository/org/springframework/spring-tx/6.1.10/spring-tx-6.1.10.jar:/Users/rediana/.m2/repository/io/micrometer/micrometer-observation/1.13.1/micrometer-observation-1.13.1.jar:/Users/rediana/.m2/repository/io/micrometer/micrometer-commons/1.13.1/micrometer-commons-1.13.1.jar:/Users/rediana/.m2/repository/jakarta/xml/bind/jakarta.xml.bind-api/4.0.0/jakarta.xml.bind-api-4.0.0.jar:/Users/rediana/.m2/repository/jakarta/activation/jakarta.activation-api/2.1.3/jakarta.activation-api-2.1.3.jar:/Users/rediana/.m2/repository/org/postgresql/postgresql/42.7.3/postgresql-42.7.3.jar:/Users/rediana/.m2/repository/org/checkerframework/checker-qual/3.42.0/checker-qual-3.42.0.jar:/Users/rediana/.m2/repository/org/springframework/boot/spring-boot-starter-webflux/3.3.1/spring-boot-starter-webflux-3.3.1.jar:/Users/rediana/.m2/repository/org/springframework/boot/spring-boot-starter-reactor-netty/3.3.1/spring-boot-starter-reactor-netty-3.3.1.jar:/Users/rediana/.m2/repository/io/projectreactor/netty/reactor-netty-http/1.1.20/reactor-netty-http-1.1.20.jar:/Users/rediana/.m2/repository/io/netty/netty-codec-http/4.1.111.Final/netty-codec-http-4.1.111.Final.jar:/Users/rediana/.m2/repository/io/netty/netty-codec-http2/4.1.111.Final/netty-codec-http2-4.1.111.Final.jar:/Users/rediana/.m2/repository/io/netty/netty-resolver-dns/4.1.111.Final/netty-resolver-dns-4.1.111.Final.jar:/Users/rediana/.m2/repository/io/netty/netty-codec-dns/4.1.111.Final/netty-codec-dns-4.1.111.Final.jar:/Users/rediana/.m2/repository/io/netty/netty-resolver-dns-native-macos/4.1.111.Final/netty-resolver-dns-native-macos-4.1.111.Final-osx-x86_64.jar:/Users/rediana/.m2/repository/io/netty/netty-resolver-dns-classes-macos/4.1.111.Final/netty-resolver-dns-classes-macos-4.1.111.Final.jar:/Users/rediana/.m2/repository/io/netty/netty-transport-native-epoll/4.1.111.Final/netty-transport-native-epoll-4.1.111.Final-linux-x86_64.jar:/Users/rediana/.m2/repository/io/netty/netty-transport-classes-epoll/4.1.111.Final/netty-transport-classes-epoll-4.1.111.Final.jar:/Users/rediana/.m2/repository/io/projectreactor/netty/reactor-netty-core/1.1.20/reactor-netty-core-1.1.20.jar:/Users/rediana/.m2/repository/io/netty/netty-handler-proxy/4.1.111.Final/netty-handler-proxy-4.1.111.Final.jar:/Users/rediana/.m2/repository/io/netty/netty-codec-socks/4.1.111.Final/netty-codec-socks-4.1.111.Final.jar:/Users/rediana/.m2/repository/org/springframework/spring-webflux/6.1.10/spring-webflux-6.1.10.jar:/Users/rediana/.m2/repository/io/projectreactor/reactor-core/3.6.7/reactor-core-3.6.7.jar:/Users/rediana/.m2/repository/org/reactivestreams/reactive-streams/1.0.4/reactive-streams-1.0.4.jar:/Users/rediana/.m2/repository/com/fasterxml/jackson/core/jackson-databind/2.17.1/jackson-databind-2.17.1.jar:/Users/rediana/.m2/repository/com/fasterxml/jackson/core/jackson-core/2.17.1/jackson-core-2.17.1.jar:/Users/rediana/.m2/repository/com/fasterxml/jackson/core/jackson-annotations/2.17.1/jackson-annotations-2.17.1.jar:/Users/rediana/.m2/repository/org/springframework/boot/spring-boot-starter-data-redis/3.3.1/spring-boot-starter-data-redis-3.3.1.jar:/Users/rediana/.m2/repository/io/lettuce/lettuce-core/6.3.2.RELEASE/lettuce-core-6.3.2.RELEASE.jar:/Users/rediana/.m2/repository/io/netty/netty-common/4.1.111.Final/netty-common-4.1.111.Final.jar:/Users/rediana/.m2/repository/io/netty/netty-handler/4.1.111.Final/netty-handler-4.1.111.Final.jar:/Users/rediana/.m2/repository/io/netty/netty-resolver/4.1.111.Final/netty-resolver-4.1.111.Final.jar:/Users/rediana/.m2/repository/io/netty/netty-buffer/4.1.111.Final/netty-buffer-4.1.111.Final.jar:/Users/rediana/.m2/repository/io/netty/netty-transport-native-unix-common/4.1.111.Final/netty-transport-native-unix-common-4.1.111.Final.jar:/Users/rediana/.m2/repository/io/netty/netty-codec/4.1.111.Final/netty-codec-4.1.111.Final.jar:/Users/rediana/.m2/repository/io/netty/netty-transport/4.1.111.Final/netty-transport-4.1.111.Final.jar:/Users/rediana/.m2/repository/org/springframework/data/spring-data-redis/3.3.1/spring-data-redis-3.3.1.jar:/Users/rediana/.m2/repository/org/springframework/data/spring-data-keyvalue/3.3.1/spring-data-keyvalue-3.3.1.jar:/Users/rediana/.m2/repository/org/springframework/spring-oxm/6.1.10/spring-oxm-6.1.10.jar:/Users/rediana/.m2/repository/org/springframework/spring-context-support/6.1.10/spring-context-support-6.1.10.jar:/Users/rediana/.m2/repository/nl/nl0e0/Petclinic-Entity/1.0-SNAPSHOT/Petclinic-Entity-1.0-SNAPSHOT.jar:/Users/rediana/.m2/repository/org/springframework/cloud/spring-cloud-contract-verifier/4.1.1/spring-cloud-contract-verifier-4.1.1.jar:/Users/rediana/.m2/repository/org/springframework/cloud/spring-cloud-contract-spec/4.1.1/spring-cloud-contract-spec-4.1.1.jar:/Users/rediana/.m2/repository/org/springframework/cloud/spring-cloud-contract-spec-java/4.1.1/spring-cloud-contract-spec-java-4.1.1.jar:/Users/rediana/.m2/repository/dk/brics/automaton/1.12-4/automaton-1.12-4.jar:/Users/rediana/.m2/repository/org/springframework/cloud/spring-cloud-contract-spec-groovy/4.1.1/spring-cloud-contract-spec-groovy-4.1.1.jar:/Users/rediana/.m2/repository/org/springframework/cloud/spring-cloud-contract-shade/4.1.1/spring-cloud-contract-shade-4.1.1.jar:/Users/rediana/.m2/repository/org/apache/commons/commons-text/1.11.0/commons-text-1.11.0.jar:/Users/rediana/.m2/repository/org/apache/commons/commons-lang3/3.14.0/commons-lang3-3.14.0.jar:/Users/rediana/.m2/repository/javax/inject/javax.inject/1/javax.inject-1.jar:/Users/rediana/.m2/repository/com/github/tomakehurst/wiremock-jre8-standalone/2.35.1/wiremock-jre8-standalone-2.35.1.jar:/Users/rediana/.m2/repository/com/toomuchcoding/jsonassert/jsonassert/0.8.0/jsonassert-0.8.0.jar:/Users/rediana/.m2/repository/org/apache/maven/resolver/maven-resolver-api/1.9.18/maven-resolver-api-1.9.18.jar:/Users/rediana/.m2/repository/com/rackspace/eclipse/webtools/sourceediting/org.eclipse.wst.xml.xpath2.processor/2.1.100/org.eclipse.wst.xml.xpath2.processor-2.1.100.jar:/Users/rediana/.m2/repository/edu/princeton/cup/java-cup/10k/java-cup-10k.jar:/Users/rediana/.m2/repository/com/ibm/icu/icu4j/4.6/icu4j-4.6.jar:/Users/rediana/.m2/repository/org/apache/groovy/groovy/4.0.21/groovy-4.0.21.jar:/Users/rediana/.m2/repository/org/apache/groovy/groovy-nio/4.0.21/groovy-nio-4.0.21.jar:/Users/rediana/.m2/repository/org/apache/groovy/groovy-json/4.0.21/groovy-json-4.0.21.jar:/Users/rediana/.m2/repository/org/apache/groovy/groovy-xml/4.0.21/groovy-xml-4.0.21.jar:/Users/rediana/.m2/repository/com/github/jknack/handlebars/4.3.1/handlebars-4.3.1.jar:/Users/rediana/.m2/repository/commons-beanutils/commons-beanutils/1.9.4/commons-beanutils-1.9.4.jar:/Users/rediana/.m2/repository/commons-logging/commons-logging/1.2/commons-logging-1.2.jar:/Users/rediana/.m2/repository/commons-collections/commons-collections/3.2.2/commons-collections-3.2.2.jar:/Users/rediana/.m2/repository/com/fasterxml/jackson/dataformat/jackson-dataformat-yaml/2.17.1/jackson-dataformat-yaml-2.17.1.jar:/Users/rediana/.m2/repository/net/javacrumbs/json-unit/json-unit-assertj/2.38.0/json-unit-assertj-2.38.0.jar:/Users/rediana/.m2/repository/net/javacrumbs/json-unit/json-unit-core/2.38.0/json-unit-core-2.38.0.jar:/Users/rediana/.m2/repository/org/hamcrest/hamcrest-core/2.2/hamcrest-core-2.2.jar:/Users/rediana/.m2/repository/net/javacrumbs/json-unit/json-unit-json-path/2.38.0/json-unit-json-path-2.38.0.jar:/Users/rediana/.m2/repository/org/junit/jupiter/junit-jupiter-api/5.10.2/junit-jupiter-api-5.10.2.jar:/Users/rediana/.m2/repository/org/opentest4j/opentest4j/1.3.0/opentest4j-1.3.0.jar:/Users/rediana/.m2/repository/org/junit/platform/junit-platform-commons/1.10.2/junit-platform-commons-1.10.2.jar:/Users/rediana/.m2/repository/org/junit/jupiter/junit-jupiter-engine/5.10.2/junit-jupiter-engine-5.10.2.jar:/Users/rediana/.m2/repository/org/junit/platform/junit-platform-engine/1.10.2/junit-platform-engine-1.10.2.jar:/Users/rediana/.m2/repository/org/apiguardian/apiguardian-api/1.1.2/apiguardian-api-1.1.2.jar:/Users/rediana/.m2/repository/org/springframework/cloud/spring-cloud-starter-contract-stub-runner/4.1.1/spring-cloud-starter-contract-stub-runner-4.1.1.jar:/Users/rediana/.m2/repository/org/springframework/cloud/spring-cloud-contract-stub-runner/4.1.1/spring-cloud-contract-stub-runner-4.1.1.jar:/Users/rediana/.m2/repository/org/springframework/cloud/spring-cloud-contract-converters/4.1.1/spring-cloud-contract-converters-4.1.1.jar:/Users/rediana/.m2/repository/org/eclipse/jgit/org.eclipse.jgit/6.7.0.202309050840-r/org.eclipse.jgit-6.7.0.202309050840-r.jar:/Users/rediana/.m2/repository/com/googlecode/javaewah/JavaEWAH/1.2.3/JavaEWAH-1.2.3.jar:/Users/rediana/.m2/repository/commons-codec/commons-codec/1.16.1/commons-codec-1.16.1.jar:/Users/rediana/.m2/repository/org/eclipse/jgit/org.eclipse.jgit.ssh.jsch/6.7.0.202309050840-r/org.eclipse.jgit.ssh.jsch-6.7.0.202309050840-r.jar:/Users/rediana/.m2/repository/com/jcraft/jsch/0.1.55/jsch-0.1.55.jar:/Users/rediana/.m2/repository/com/jcraft/jzlib/1.1.3/jzlib-1.1.3.jar:/Users/rediana/.m2/repository/com/jcraft/jsch.agentproxy.sshagent/0.0.9/jsch.agentproxy.sshagent-0.0.9.jar:/Users/rediana/.m2/repository/com/jcraft/jsch.agentproxy.core/0.0.9/jsch.agentproxy.core-0.0.9.jar:/Users/rediana/.m2/repository/com/jcraft/jsch.agentproxy.jsch/0.0.9/jsch.agentproxy.jsch-0.0.9.jar:/Users/rediana/.m2/repository/com/jcraft/jsch.agentproxy.usocket-jna/0.0.9/jsch.agentproxy.usocket-jna-0.0.9.jar:/Users/rediana/.m2/repository/net/java/dev/jna/jna/4.1.0/jna-4.1.0.jar:/Users/rediana/.m2/repository/net/java/dev/jna/jna-platform/4.1.0/jna-platform-4.1.0.jar:/Users/rediana/.m2/repository/org/springframework/cloud/spring-cloud-contract-wiremock/4.1.1/spring-cloud-contract-wiremock-4.1.1.jar:/Users/rediana/.m2/repository/org/apache/httpcomponents/client5/httpclient5/5.3.1/httpclient5-5.3.1.jar:/Users/rediana/.m2/repository/org/apache/httpcomponents/core5/httpcore5/5.2.4/httpcore5-5.2.4.jar:/Users/rediana/.m2/repository/org/apache/httpcomponents/core5/httpcore5-h2/5.2.4/httpcore5-h2-5.2.4.jar:/Users/rediana/.m2/repository/org/springframework/cloud/spring-cloud-test-support/4.1.0/spring-cloud-test-support-4.1.0.jar:/Users/rediana/.m2/repository/org/apache/maven/resolver/maven-resolver-connector-basic/1.9.16/maven-resolver-connector-basic-1.9.16.jar:/Users/rediana/.m2/repository/org/apache/maven/resolver/maven-resolver-spi/1.9.16/maven-resolver-spi-1.9.16.jar:/Users/rediana/.m2/repository/org/apache/maven/resolver/maven-resolver-util/1.9.16/maven-resolver-util-1.9.16.jar:/Users/rediana/.m2/repository/org/apache/maven/resolver/maven-resolver-impl/1.9.16/maven-resolver-impl-1.9.16.jar:/Users/rediana/.m2/repository/org/apache/maven/resolver/maven-resolver-named-locks/1.9.16/maven-resolver-named-locks-1.9.16.jar:/Users/rediana/.m2/repository/org/apache/maven/maven-resolver-provider/3.9.5/maven-resolver-provider-3.9.5.jar:/Users/rediana/.m2/repository/org/apache/maven/maven-model/3.9.5/maven-model-3.9.5.jar:/Users/rediana/.m2/repository/org/apache/maven/maven-model-builder/3.9.5/maven-model-builder-3.9.5.jar:/Users/rediana/.m2/repository/org/codehaus/plexus/plexus-interpolation/1.26/plexus-interpolation-1.26.jar:/Users/rediana/.m2/repository/org/apache/maven/maven-artifact/3.9.5/maven-artifact-3.9.5.jar:/Users/rediana/.m2/repository/org/apache/maven/maven-builder-support/3.9.5/maven-builder-support-3.9.5.jar:/Users/rediana/.m2/repository/org/apache/maven/maven-repository-metadata/3.9.5/maven-repository-metadata-3.9.5.jar:/Users/rediana/.m2/repository/org/apache/maven/resolver/maven-resolver-transport-http/1.9.16/maven-resolver-transport-http-1.9.16.jar:/Users/rediana/.m2/repository/org/apache/httpcomponents/httpclient/4.5.14/httpclient-4.5.14.jar:/Users/rediana/.m2/repository/org/apache/httpcomponents/httpcore/4.4.16/httpcore-4.4.16.jar:/Users/rediana/.m2/repository/org/sonatype/sisu/sisu-inject-plexus/2.6.0/sisu-inject-plexus-2.6.0.jar:/Users/rediana/.m2/repository/org/codehaus/plexus/plexus-component-annotations/1.5.5/plexus-component-annotations-1.5.5.jar:/Users/rediana/.m2/repository/org/codehaus/plexus/plexus-classworlds/2.5.2/plexus-classworlds-2.5.2.jar:/Users/rediana/.m2/repository/org/codehaus/plexus/plexus-utils/3.0.18/plexus-utils-3.0.18.jar:/Users/rediana/.m2/repository/org/sonatype/sisu/sisu-inject-bean/2.6.0/sisu-inject-bean-2.6.0.jar:/Users/rediana/.m2/repository/javax/enterprise/cdi-api/1.0/cdi-api-1.0.jar:/Users/rediana/.m2/repository/javax/annotation/jsr250-api/1.0/jsr250-api-1.0.jar:/Users/rediana/.m2/repository/org/sonatype/sisu/sisu-guice/3.2.5/sisu-guice-3.2.5-no_aop.jar:/Users/rediana/.m2/repository/com/google/guava/guava/16.0.1/guava-16.0.1.jar:/Users/rediana/.m2/repository/org/eclipse/sisu/org.eclipse.sisu.inject/0.3.0/org.eclipse.sisu.inject-0.3.0.jar:/Users/rediana/.m2/repository/org/eclipse/sisu/org.eclipse.sisu.plexus/0.3.0/org.eclipse.sisu.plexus-0.3.0.jar:/Users/rediana/.m2/repository/org/testcontainers/junit-jupiter/1.17.1/junit-jupiter-1.17.1.jar:/Users/rediana/.m2/repository/org/testcontainers/testcontainers/1.19.8/testcontainers-1.19.8.jar:/Users/rediana/.m2/repository/junit/junit/4.13.2/junit-4.13.2.jar:/Users/rediana/.m2/repository/org/apache/commons/commons-compress/1.24.0/commons-compress-1.24.0.jar:/Users/rediana/.m2/repository/org/rnorth/duct-tape/duct-tape/1.0.8/duct-tape-1.0.8.jar:/Users/rediana/.m2/repository/org/jetbrains/annotations/17.0.0/annotations-17.0.0.jar:/Users/rediana/.m2/repository/com/github/docker-java/docker-java-api/3.3.6/docker-java-api-3.3.6.jar:/Users/rediana/.m2/repository/com/github/docker-java/docker-java-transport-zerodep/3.3.6/docker-java-transport-zerodep-3.3.6.jar:/Users/rediana/.m2/repository/com/github/docker-java/docker-java-transport/3.3.6/docker-java-transport-3.3.6.jar:/Users/rediana/.m2/repository/org/testcontainers/rabbitmq/1.17.2/rabbitmq-1.17.2.jar:"/>
    <property name="java.vm.vendor" value="Azul Systems, Inc."/>
    <property name="sun.arch.data.model" value="64"/>
    <property name="java.vendor.url" value="http://www.azul.com/"/>
    <property name="user.timezone" value="Asia/Taipei"/>
    <property name="org.jboss.logging.provider" value="slf4j"/>
    <property name="os.name" value="Mac OS X"/>
    <property name="java.vm.specification.version" value="17"/>
    <property name="sun.java.launcher" value="SUN_STANDARD"/>
    <property name="user.country" value="TW"/>
    <property name="sun.boot.library.path" value="/Library/Java/JavaVirtualMachines/zulu-17.jdk/Contents/Home/lib"/>
    <property name="sun.java.command" value="/Users/rediana/Project/Orchestration-Amqp/Orchestration-Amqp/target/surefire/surefirebooter-20240714183856235_3.jar /Users/rediana/Project/Orchestration-Amqp/Orchestration-Amqp/target/surefire 2024-07-14T18-38-56_183-jvmRun1 surefire-20240714183856235_1tmp surefire_0-20240714183856235_2tmp"/>
    <property name="http.nonProxyHosts" value="local|*.local|169.254/16|*.169.254/16"/>
    <property name="jdk.debug" value="release"/>
    <property name="surefire.test.class.path" value="/Users/rediana/Project/Orchestration-Amqp/Orchestration-Amqp/target/test-classes:/Users/rediana/Project/Orchestration-Amqp/Orchestration-Amqp/target/classes:/Users/rediana/.m2/repository/org/springframework/boot/spring-boot-starter/3.3.1/spring-boot-starter-3.3.1.jar:/Users/rediana/.m2/repository/org/springframework/boot/spring-boot/3.3.1/spring-boot-3.3.1.jar:/Users/rediana/.m2/repository/org/springframework/boot/spring-boot-autoconfigure/3.3.1/spring-boot-autoconfigure-3.3.1.jar:/Users/rediana/.m2/repository/org/springframework/boot/spring-boot-starter-logging/3.3.1/spring-boot-starter-logging-3.3.1.jar:/Users/rediana/.m2/repository/ch/qos/logback/logback-classic/1.5.6/logback-classic-1.5.6.jar:/Users/rediana/.m2/repository/ch/qos/logback/logback-core/1.5.6/logback-core-1.5.6.jar:/Users/rediana/.m2/repository/org/apache/logging/log4j/log4j-to-slf4j/2.23.1/log4j-to-slf4j-2.23.1.jar:/Users/rediana/.m2/repository/org/apache/logging/log4j/log4j-api/2.23.1/log4j-api-2.23.1.jar:/Users/rediana/.m2/repository/org/slf4j/jul-to-slf4j/2.0.13/jul-to-slf4j-2.0.13.jar:/Users/rediana/.m2/repository/jakarta/annotation/jakarta.annotation-api/2.1.1/jakarta.annotation-api-2.1.1.jar:/Users/rediana/.m2/repository/org/springframework/spring-core/6.1.10/spring-core-6.1.10.jar:/Users/rediana/.m2/repository/org/springframework/spring-jcl/6.1.10/spring-jcl-6.1.10.jar:/Users/rediana/.m2/repository/org/yaml/snakeyaml/2.2/snakeyaml-2.2.jar:/Users/rediana/.m2/repository/org/springframework/boot/spring-boot-starter-validation/3.3.1/spring-boot-starter-validation-3.3.1.jar:/Users/rediana/.m2/repository/org/apache/tomcat/embed/tomcat-embed-el/10.1.25/tomcat-embed-el-10.1.25.jar:/Users/rediana/.m2/repository/org/hibernate/validator/hibernate-validator/8.0.1.Final/hibernate-validator-8.0.1.Final.jar:/Users/rediana/.m2/repository/jakarta/validation/jakarta.validation-api/3.0.2/jakarta.validation-api-3.0.2.jar:/Users/rediana/.m2/repository/org/jboss/logging/jboss-logging/3.5.3.Final/jboss-logging-3.5.3.Final.jar:/Users/rediana/.m2/repository/com/fasterxml/classmate/1.7.0/classmate-1.7.0.jar:/Users/rediana/.m2/repository/org/springframework/boot/spring-boot-starter-web/3.3.1/spring-boot-starter-web-3.3.1.jar:/Users/rediana/.m2/repository/org/springframework/boot/spring-boot-starter-json/3.3.1/spring-boot-starter-json-3.3.1.jar:/Users/rediana/.m2/repository/com/fasterxml/jackson/datatype/jackson-datatype-jdk8/2.17.1/jackson-datatype-jdk8-2.17.1.jar:/Users/rediana/.m2/repository/com/fasterxml/jackson/datatype/jackson-datatype-jsr310/2.17.1/jackson-datatype-jsr310-2.17.1.jar:/Users/rediana/.m2/repository/com/fasterxml/jackson/module/jackson-module-parameter-names/2.17.1/jackson-module-parameter-names-2.17.1.jar:/Users/rediana/.m2/repository/org/springframework/boot/spring-boot-starter-tomcat/3.3.1/spring-boot-starter-tomcat-3.3.1.jar:/Users/rediana/.m2/repository/org/apache/tomcat/embed/tomcat-embed-core/10.1.25/tomcat-embed-core-10.1.25.jar:/Users/rediana/.m2/repository/org/apache/tomcat/embed/tomcat-embed-websocket/10.1.25/tomcat-embed-websocket-10.1.25.jar:/Users/rediana/.m2/repository/org/springframework/spring-web/6.1.10/spring-web-6.1.10.jar:/Users/rediana/.m2/repository/org/springframework/spring-beans/6.1.10/spring-beans-6.1.10.jar:/Users/rediana/.m2/repository/org/springframework/spring-webmvc/6.1.10/spring-webmvc-6.1.10.jar:/Users/rediana/.m2/repository/org/springframework/spring-aop/6.1.10/spring-aop-6.1.10.jar:/Users/rediana/.m2/repository/org/springframework/spring-expression/6.1.10/spring-expression-6.1.10.jar:/Users/rediana/.m2/repository/org/springframework/boot/spring-boot-starter-data-jpa/3.3.1/spring-boot-starter-data-jpa-3.3.1.jar:/Users/rediana/.m2/repository/org/springframework/boot/spring-boot-starter-aop/3.3.1/spring-boot-starter-aop-3.3.1.jar:/Users/rediana/.m2/repository/org/aspectj/aspectjweaver/1.9.22/aspectjweaver-1.9.22.jar:/Users/rediana/.m2/repository/org/springframework/boot/spring-boot-starter-jdbc/3.3.1/spring-boot-starter-jdbc-3.3.1.jar:/Users/rediana/.m2/repository/com/zaxxer/HikariCP/5.1.0/HikariCP-5.1.0.jar:/Users/rediana/.m2/repository/org/springframework/spring-jdbc/6.1.10/spring-jdbc-6.1.10.jar:/Users/rediana/.m2/repository/org/hibernate/orm/hibernate-core/6.5.2.Final/hibernate-core-6.5.2.Final.jar:/Users/rediana/.m2/repository/jakarta/persistence/jakarta.persistence-api/3.1.0/jakarta.persistence-api-3.1.0.jar:/Users/rediana/.m2/repository/jakarta/transaction/jakarta.transaction-api/2.0.1/jakarta.transaction-api-2.0.1.jar:/Users/rediana/.m2/repository/org/hibernate/common/hibernate-commons-annotations/6.0.6.Final/hibernate-commons-annotations-6.0.6.Final.jar:/Users/rediana/.m2/repository/io/smallrye/jandex/3.1.2/jandex-3.1.2.jar:/Users/rediana/.m2/repository/net/bytebuddy/byte-buddy/1.14.17/byte-buddy-1.14.17.jar:/Users/rediana/.m2/repository/org/glassfish/jaxb/jaxb-runtime/4.0.5/jaxb-runtime-4.0.5.jar:/Users/rediana/.m2/repository/org/glassfish/jaxb/jaxb-core/4.0.5/jaxb-core-4.0.5.jar:/Users/rediana/.m2/repository/org/eclipse/angus/angus-activation/2.0.2/angus-activation-2.0.2.jar:/Users/rediana/.m2/repository/org/glassfish/jaxb/txw2/4.0.5/txw2-4.0.5.jar:/Users/rediana/.m2/repository/com/sun/istack/istack-commons-runtime/4.1.2/istack-commons-runtime-4.1.2.jar:/Users/rediana/.m2/repository/jakarta/inject/jakarta.inject-api/2.0.1/jakarta.inject-api-2.0.1.jar:/Users/rediana/.m2/repository/org/antlr/antlr4-runtime/4.13.0/antlr4-runtime-4.13.0.jar:/Users/rediana/.m2/repository/org/springframework/data/spring-data-jpa/3.3.1/spring-data-jpa-3.3.1.jar:/Users/rediana/.m2/repository/org/springframework/data/spring-data-commons/3.3.1/spring-data-commons-3.3.1.jar:/Users/rediana/.m2/repository/org/springframework/spring-orm/6.1.10/spring-orm-6.1.10.jar:/Users/rediana/.m2/repository/org/slf4j/slf4j-api/2.0.13/slf4j-api-2.0.13.jar:/Users/rediana/.m2/repository/org/springframework/spring-aspects/6.1.10/spring-aspects-6.1.10.jar:/Users/rediana/.m2/repository/org/projectlombok/lombok/1.18.32/lombok-1.18.32.jar:/Users/rediana/.m2/repository/org/springframework/boot/spring-boot-starter-test/3.3.1/spring-boot-starter-test-3.3.1.jar:/Users/rediana/.m2/repository/org/springframework/boot/spring-boot-test/3.3.1/spring-boot-test-3.3.1.jar:/Users/rediana/.m2/repository/org/springframework/boot/spring-boot-test-autoconfigure/3.3.1/spring-boot-test-autoconfigure-3.3.1.jar:/Users/rediana/.m2/repository/com/jayway/jsonpath/json-path/2.9.0/json-path-2.9.0.jar:/Users/rediana/.m2/repository/net/minidev/json-smart/2.5.1/json-smart-2.5.1.jar:/Users/rediana/.m2/repository/net/minidev/accessors-smart/2.5.1/accessors-smart-2.5.1.jar:/Users/rediana/.m2/repository/org/ow2/asm/asm/9.6/asm-9.6.jar:/Users/rediana/.m2/repository/org/assertj/assertj-core/3.25.3/assertj-core-3.25.3.jar:/Users/rediana/.m2/repository/org/awaitility/awaitility/4.2.1/awaitility-4.2.1.jar:/Users/rediana/.m2/repository/org/hamcrest/hamcrest/2.2/hamcrest-2.2.jar:/Users/rediana/.m2/repository/org/junit/jupiter/junit-jupiter/5.10.2/junit-jupiter-5.10.2.jar:/Users/rediana/.m2/repository/org/junit/jupiter/junit-jupiter-params/5.10.2/junit-jupiter-params-5.10.2.jar:/Users/rediana/.m2/repository/org/mockito/mockito-core/5.11.0/mockito-core-5.11.0.jar:/Users/rediana/.m2/repository/net/bytebuddy/byte-buddy-agent/1.14.17/byte-buddy-agent-1.14.17.jar:/Users/rediana/.m2/repository/org/objenesis/objenesis/3.3/objenesis-3.3.jar:/Users/rediana/.m2/repository/org/mockito/mockito-junit-jupiter/5.11.0/mockito-junit-jupiter-5.11.0.jar:/Users/rediana/.m2/repository/org/skyscreamer/jsonassert/1.5.1/jsonassert-1.5.1.jar:/Users/rediana/.m2/repository/com/vaadin/external/google/android-json/0.0.20131108.vaadin1/android-json-0.0.20131108.vaadin1.jar:/Users/rediana/.m2/repository/org/springframework/spring-test/6.1.10/spring-test-6.1.10.jar:/Users/rediana/.m2/repository/org/xmlunit/xmlunit-core/2.9.1/xmlunit-core-2.9.1.jar:/Users/rediana/.m2/repository/org/springframework/amqp/spring-rabbit/3.1.0/spring-rabbit-3.1.0.jar:/Users/rediana/.m2/repository/org/springframework/amqp/spring-amqp/3.1.6/spring-amqp-3.1.6.jar:/Users/rediana/.m2/repository/org/springframework/retry/spring-retry/2.0.6/spring-retry-2.0.6.jar:/Users/rediana/.m2/repository/com/rabbitmq/amqp-client/5.21.0/amqp-client-5.21.0.jar:/Users/rediana/.m2/repository/org/springframework/spring-context/6.1.10/spring-context-6.1.10.jar:/Users/rediana/.m2/repository/org/springframework/spring-messaging/6.1.10/spring-messaging-6.1.10.jar:/Users/rediana/.m2/repository/org/springframework/spring-tx/6.1.10/spring-tx-6.1.10.jar:/Users/rediana/.m2/repository/io/micrometer/micrometer-observation/1.13.1/micrometer-observation-1.13.1.jar:/Users/rediana/.m2/repository/io/micrometer/micrometer-commons/1.13.1/micrometer-commons-1.13.1.jar:/Users/rediana/.m2/repository/jakarta/xml/bind/jakarta.xml.bind-api/4.0.0/jakarta.xml.bind-api-4.0.0.jar:/Users/rediana/.m2/repository/jakarta/activation/jakarta.activation-api/2.1.3/jakarta.activation-api-2.1.3.jar:/Users/rediana/.m2/repository/org/postgresql/postgresql/42.7.3/postgresql-42.7.3.jar:/Users/rediana/.m2/repository/org/checkerframework/checker-qual/3.42.0/checker-qual-3.42.0.jar:/Users/rediana/.m2/repository/org/springframework/boot/spring-boot-starter-webflux/3.3.1/spring-boot-starter-webflux-3.3.1.jar:/Users/rediana/.m2/repository/org/springframework/boot/spring-boot-starter-reactor-netty/3.3.1/spring-boot-starter-reactor-netty-3.3.1.jar:/Users/rediana/.m2/repository/io/projectreactor/netty/reactor-netty-http/1.1.20/reactor-netty-http-1.1.20.jar:/Users/rediana/.m2/repository/io/netty/netty-codec-http/4.1.111.Final/netty-codec-http-4.1.111.Final.jar:/Users/rediana/.m2/repository/io/netty/netty-codec-http2/4.1.111.Final/netty-codec-http2-4.1.111.Final.jar:/Users/rediana/.m2/repository/io/netty/netty-resolver-dns/4.1.111.Final/netty-resolver-dns-4.1.111.Final.jar:/Users/rediana/.m2/repository/io/netty/netty-codec-dns/4.1.111.Final/netty-codec-dns-4.1.111.Final.jar:/Users/rediana/.m2/repository/io/netty/netty-resolver-dns-native-macos/4.1.111.Final/netty-resolver-dns-native-macos-4.1.111.Final-osx-x86_64.jar:/Users/rediana/.m2/repository/io/netty/netty-resolver-dns-classes-macos/4.1.111.Final/netty-resolver-dns-classes-macos-4.1.111.Final.jar:/Users/rediana/.m2/repository/io/netty/netty-transport-native-epoll/4.1.111.Final/netty-transport-native-epoll-4.1.111.Final-linux-x86_64.jar:/Users/rediana/.m2/repository/io/netty/netty-transport-classes-epoll/4.1.111.Final/netty-transport-classes-epoll-4.1.111.Final.jar:/Users/rediana/.m2/repository/io/projectreactor/netty/reactor-netty-core/1.1.20/reactor-netty-core-1.1.20.jar:/Users/rediana/.m2/repository/io/netty/netty-handler-proxy/4.1.111.Final/netty-handler-proxy-4.1.111.Final.jar:/Users/rediana/.m2/repository/io/netty/netty-codec-socks/4.1.111.Final/netty-codec-socks-4.1.111.Final.jar:/Users/rediana/.m2/repository/org/springframework/spring-webflux/6.1.10/spring-webflux-6.1.10.jar:/Users/rediana/.m2/repository/io/projectreactor/reactor-core/3.6.7/reactor-core-3.6.7.jar:/Users/rediana/.m2/repository/org/reactivestreams/reactive-streams/1.0.4/reactive-streams-1.0.4.jar:/Users/rediana/.m2/repository/com/fasterxml/jackson/core/jackson-databind/2.17.1/jackson-databind-2.17.1.jar:/Users/rediana/.m2/repository/com/fasterxml/jackson/core/jackson-core/2.17.1/jackson-core-2.17.1.jar:/Users/rediana/.m2/repository/com/fasterxml/jackson/core/jackson-annotations/2.17.1/jackson-annotations-2.17.1.jar:/Users/rediana/.m2/repository/org/springframework/boot/spring-boot-starter-data-redis/3.3.1/spring-boot-starter-data-redis-3.3.1.jar:/Users/rediana/.m2/repository/io/lettuce/lettuce-core/6.3.2.RELEASE/lettuce-core-6.3.2.RELEASE.jar:/Users/rediana/.m2/repository/io/netty/netty-common/4.1.111.Final/netty-common-4.1.111.Final.jar:/Users/rediana/.m2/repository/io/netty/netty-handler/4.1.111.Final/netty-handler-4.1.111.Final.jar:/Users/rediana/.m2/repository/io/netty/netty-resolver/4.1.111.Final/netty-resolver-4.1.111.Final.jar:/Users/rediana/.m2/repository/io/netty/netty-buffer/4.1.111.Final/netty-buffer-4.1.111.Final.jar:/Users/rediana/.m2/repository/io/netty/netty-transport-native-unix-common/4.1.111.Final/netty-transport-native-unix-common-4.1.111.Final.jar:/Users/rediana/.m2/repository/io/netty/netty-codec/4.1.111.Final/netty-codec-4.1.111.Final.jar:/Users/rediana/.m2/repository/io/netty/netty-transport/4.1.111.Final/netty-transport-4.1.111.Final.jar:/Users/rediana/.m2/repository/org/springframework/data/spring-data-redis/3.3.1/spring-data-redis-3.3.1.jar:/Users/rediana/.m2/repository/org/springframework/data/spring-data-keyvalue/3.3.1/spring-data-keyvalue-3.3.1.jar:/Users/rediana/.m2/repository/org/springframework/spring-oxm/6.1.10/spring-oxm-6.1.10.jar:/Users/rediana/.m2/repository/org/springframework/spring-context-support/6.1.10/spring-context-support-6.1.10.jar:/Users/rediana/.m2/repository/nl/nl0e0/Petclinic-Entity/1.0-SNAPSHOT/Petclinic-Entity-1.0-SNAPSHOT.jar:/Users/rediana/.m2/repository/org/springframework/cloud/spring-cloud-contract-verifier/4.1.1/spring-cloud-contract-verifier-4.1.1.jar:/Users/rediana/.m2/repository/org/springframework/cloud/spring-cloud-contract-spec/4.1.1/spring-cloud-contract-spec-4.1.1.jar:/Users/rediana/.m2/repository/org/springframework/cloud/spring-cloud-contract-spec-java/4.1.1/spring-cloud-contract-spec-java-4.1.1.jar:/Users/rediana/.m2/repository/dk/brics/automaton/1.12-4/automaton-1.12-4.jar:/Users/rediana/.m2/repository/org/springframework/cloud/spring-cloud-contract-spec-groovy/4.1.1/spring-cloud-contract-spec-groovy-4.1.1.jar:/Users/rediana/.m2/repository/org/springframework/cloud/spring-cloud-contract-shade/4.1.1/spring-cloud-contract-shade-4.1.1.jar:/Users/rediana/.m2/repository/org/apache/commons/commons-text/1.11.0/commons-text-1.11.0.jar:/Users/rediana/.m2/repository/org/apache/commons/commons-lang3/3.14.0/commons-lang3-3.14.0.jar:/Users/rediana/.m2/repository/javax/inject/javax.inject/1/javax.inject-1.jar:/Users/rediana/.m2/repository/com/github/tomakehurst/wiremock-jre8-standalone/2.35.1/wiremock-jre8-standalone-2.35.1.jar:/Users/rediana/.m2/repository/com/toomuchcoding/jsonassert/jsonassert/0.8.0/jsonassert-0.8.0.jar:/Users/rediana/.m2/repository/org/apache/maven/resolver/maven-resolver-api/1.9.18/maven-resolver-api-1.9.18.jar:/Users/rediana/.m2/repository/com/rackspace/eclipse/webtools/sourceediting/org.eclipse.wst.xml.xpath2.processor/2.1.100/org.eclipse.wst.xml.xpath2.processor-2.1.100.jar:/Users/rediana/.m2/repository/edu/princeton/cup/java-cup/10k/java-cup-10k.jar:/Users/rediana/.m2/repository/com/ibm/icu/icu4j/4.6/icu4j-4.6.jar:/Users/rediana/.m2/repository/org/apache/groovy/groovy/4.0.21/groovy-4.0.21.jar:/Users/rediana/.m2/repository/org/apache/groovy/groovy-nio/4.0.21/groovy-nio-4.0.21.jar:/Users/rediana/.m2/repository/org/apache/groovy/groovy-json/4.0.21/groovy-json-4.0.21.jar:/Users/rediana/.m2/repository/org/apache/groovy/groovy-xml/4.0.21/groovy-xml-4.0.21.jar:/Users/rediana/.m2/repository/com/github/jknack/handlebars/4.3.1/handlebars-4.3.1.jar:/Users/rediana/.m2/repository/commons-beanutils/commons-beanutils/1.9.4/commons-beanutils-1.9.4.jar:/Users/rediana/.m2/repository/commons-logging/commons-logging/1.2/commons-logging-1.2.jar:/Users/rediana/.m2/repository/commons-collections/commons-collections/3.2.2/commons-collections-3.2.2.jar:/Users/rediana/.m2/repository/com/fasterxml/jackson/dataformat/jackson-dataformat-yaml/2.17.1/jackson-dataformat-yaml-2.17.1.jar:/Users/rediana/.m2/repository/net/javacrumbs/json-unit/json-unit-assertj/2.38.0/json-unit-assertj-2.38.0.jar:/Users/rediana/.m2/repository/net/javacrumbs/json-unit/json-unit-core/2.38.0/json-unit-core-2.38.0.jar:/Users/rediana/.m2/repository/org/hamcrest/hamcrest-core/2.2/hamcrest-core-2.2.jar:/Users/rediana/.m2/repository/net/javacrumbs/json-unit/json-unit-json-path/2.38.0/json-unit-json-path-2.38.0.jar:/Users/rediana/.m2/repository/org/junit/jupiter/junit-jupiter-api/5.10.2/junit-jupiter-api-5.10.2.jar:/Users/rediana/.m2/repository/org/opentest4j/opentest4j/1.3.0/opentest4j-1.3.0.jar:/Users/rediana/.m2/repository/org/junit/platform/junit-platform-commons/1.10.2/junit-platform-commons-1.10.2.jar:/Users/rediana/.m2/repository/org/junit/jupiter/junit-jupiter-engine/5.10.2/junit-jupiter-engine-5.10.2.jar:/Users/rediana/.m2/repository/org/junit/platform/junit-platform-engine/1.10.2/junit-platform-engine-1.10.2.jar:/Users/rediana/.m2/repository/org/apiguardian/apiguardian-api/1.1.2/apiguardian-api-1.1.2.jar:/Users/rediana/.m2/repository/org/springframework/cloud/spring-cloud-starter-contract-stub-runner/4.1.1/spring-cloud-starter-contract-stub-runner-4.1.1.jar:/Users/rediana/.m2/repository/org/springframework/cloud/spring-cloud-contract-stub-runner/4.1.1/spring-cloud-contract-stub-runner-4.1.1.jar:/Users/rediana/.m2/repository/org/springframework/cloud/spring-cloud-contract-converters/4.1.1/spring-cloud-contract-converters-4.1.1.jar:/Users/rediana/.m2/repository/org/eclipse/jgit/org.eclipse.jgit/6.7.0.202309050840-r/org.eclipse.jgit-6.7.0.202309050840-r.jar:/Users/rediana/.m2/repository/com/googlecode/javaewah/JavaEWAH/1.2.3/JavaEWAH-1.2.3.jar:/Users/rediana/.m2/repository/commons-codec/commons-codec/1.16.1/commons-codec-1.16.1.jar:/Users/rediana/.m2/repository/org/eclipse/jgit/org.eclipse.jgit.ssh.jsch/6.7.0.202309050840-r/org.eclipse.jgit.ssh.jsch-6.7.0.202309050840-r.jar:/Users/rediana/.m2/repository/com/jcraft/jsch/0.1.55/jsch-0.1.55.jar:/Users/rediana/.m2/repository/com/jcraft/jzlib/1.1.3/jzlib-1.1.3.jar:/Users/rediana/.m2/repository/com/jcraft/jsch.agentproxy.sshagent/0.0.9/jsch.agentproxy.sshagent-0.0.9.jar:/Users/rediana/.m2/repository/com/jcraft/jsch.agentproxy.core/0.0.9/jsch.agentproxy.core-0.0.9.jar:/Users/rediana/.m2/repository/com/jcraft/jsch.agentproxy.jsch/0.0.9/jsch.agentproxy.jsch-0.0.9.jar:/Users/rediana/.m2/repository/com/jcraft/jsch.agentproxy.usocket-jna/0.0.9/jsch.agentproxy.usocket-jna-0.0.9.jar:/Users/rediana/.m2/repository/net/java/dev/jna/jna/4.1.0/jna-4.1.0.jar:/Users/rediana/.m2/repository/net/java/dev/jna/jna-platform/4.1.0/jna-platform-4.1.0.jar:/Users/rediana/.m2/repository/org/springframework/cloud/spring-cloud-contract-wiremock/4.1.1/spring-cloud-contract-wiremock-4.1.1.jar:/Users/rediana/.m2/repository/org/apache/httpcomponents/client5/httpclient5/5.3.1/httpclient5-5.3.1.jar:/Users/rediana/.m2/repository/org/apache/httpcomponents/core5/httpcore5/5.2.4/httpcore5-5.2.4.jar:/Users/rediana/.m2/repository/org/apache/httpcomponents/core5/httpcore5-h2/5.2.4/httpcore5-h2-5.2.4.jar:/Users/rediana/.m2/repository/org/springframework/cloud/spring-cloud-test-support/4.1.0/spring-cloud-test-support-4.1.0.jar:/Users/rediana/.m2/repository/org/apache/maven/resolver/maven-resolver-connector-basic/1.9.16/maven-resolver-connector-basic-1.9.16.jar:/Users/rediana/.m2/repository/org/apache/maven/resolver/maven-resolver-spi/1.9.16/maven-resolver-spi-1.9.16.jar:/Users/rediana/.m2/repository/org/apache/maven/resolver/maven-resolver-util/1.9.16/maven-resolver-util-1.9.16.jar:/Users/rediana/.m2/repository/org/apache/maven/resolver/maven-resolver-impl/1.9.16/maven-resolver-impl-1.9.16.jar:/Users/rediana/.m2/repository/org/apache/maven/resolver/maven-resolver-named-locks/1.9.16/maven-resolver-named-locks-1.9.16.jar:/Users/rediana/.m2/repository/org/apache/maven/maven-resolver-provider/3.9.5/maven-resolver-provider-3.9.5.jar:/Users/rediana/.m2/repository/org/apache/maven/maven-model/3.9.5/maven-model-3.9.5.jar:/Users/rediana/.m2/repository/org/apache/maven/maven-model-builder/3.9.5/maven-model-builder-3.9.5.jar:/Users/rediana/.m2/repository/org/codehaus/plexus/plexus-interpolation/1.26/plexus-interpolation-1.26.jar:/Users/rediana/.m2/repository/org/apache/maven/maven-artifact/3.9.5/maven-artifact-3.9.5.jar:/Users/rediana/.m2/repository/org/apache/maven/maven-builder-support/3.9.5/maven-builder-support-3.9.5.jar:/Users/rediana/.m2/repository/org/apache/maven/maven-repository-metadata/3.9.5/maven-repository-metadata-3.9.5.jar:/Users/rediana/.m2/repository/org/apache/maven/resolver/maven-resolver-transport-http/1.9.16/maven-resolver-transport-http-1.9.16.jar:/Users/rediana/.m2/repository/org/apache/httpcomponents/httpclient/4.5.14/httpclient-4.5.14.jar:/Users/rediana/.m2/repository/org/apache/httpcomponents/httpcore/4.4.16/httpcore-4.4.16.jar:/Users/rediana/.m2/repository/org/sonatype/sisu/sisu-inject-plexus/2.6.0/sisu-inject-plexus-2.6.0.jar:/Users/rediana/.m2/repository/org/codehaus/plexus/plexus-component-annotations/1.5.5/plexus-component-annotations-1.5.5.jar:/Users/rediana/.m2/repository/org/codehaus/plexus/plexus-classworlds/2.5.2/plexus-classworlds-2.5.2.jar:/Users/rediana/.m2/repository/org/codehaus/plexus/plexus-utils/3.0.18/plexus-utils-3.0.18.jar:/Users/rediana/.m2/repository/org/sonatype/sisu/sisu-inject-bean/2.6.0/sisu-inject-bean-2.6.0.jar:/Users/rediana/.m2/repository/javax/enterprise/cdi-api/1.0/cdi-api-1.0.jar:/Users/rediana/.m2/repository/javax/annotation/jsr250-api/1.0/jsr250-api-1.0.jar:/Users/rediana/.m2/repository/org/sonatype/sisu/sisu-guice/3.2.5/sisu-guice-3.2.5-no_aop.jar:/Users/rediana/.m2/repository/com/google/guava/guava/16.0.1/guava-16.0.1.jar:/Users/rediana/.m2/repository/org/eclipse/sisu/org.eclipse.sisu.inject/0.3.0/org.eclipse.sisu.inject-0.3.0.jar:/Users/rediana/.m2/repository/org/eclipse/sisu/org.eclipse.sisu.plexus/0.3.0/org.eclipse.sisu.plexus-0.3.0.jar:/Users/rediana/.m2/repository/org/testcontainers/junit-jupiter/1.17.1/junit-jupiter-1.17.1.jar:/Users/rediana/.m2/repository/org/testcontainers/testcontainers/1.19.8/testcontainers-1.19.8.jar:/Users/rediana/.m2/repository/junit/junit/4.13.2/junit-4.13.2.jar:/Users/rediana/.m2/repository/org/apache/commons/commons-compress/1.24.0/commons-compress-1.24.0.jar:/Users/rediana/.m2/repository/org/rnorth/duct-tape/duct-tape/1.0.8/duct-tape-1.0.8.jar:/Users/rediana/.m2/repository/org/jetbrains/annotations/17.0.0/annotations-17.0.0.jar:/Users/rediana/.m2/repository/com/github/docker-java/docker-java-api/3.3.6/docker-java-api-3.3.6.jar:/Users/rediana/.m2/repository/com/github/docker-java/docker-java-transport-zerodep/3.3.6/docker-java-transport-zerodep-3.3.6.jar:/Users/rediana/.m2/repository/com/github/docker-java/docker-java-transport/3.3.6/docker-java-transport-3.3.6.jar:/Users/rediana/.m2/repository/org/testcontainers/rabbitmq/1.17.2/rabbitmq-1.17.2.jar:"/>
    <property name="sun.cpu.endian" value="little"/>
    <property name="user.home" value="/Users/rediana"/>
    <property name="user.language" value="zh"/>
    <property name="java.specification.vendor" value="Oracle Corporation"/>
    <property name="java.version.date" value="2022-08-12"/>
    <property name="java.home" value="/Library/Java/JavaVirtualMachines/zulu-17.jdk/Contents/Home"/>
    <property name="file.separator" value="/"/>
    <property name="basedir" value="/Users/rediana/Project/Orchestration-Amqp/Orchestration-Amqp"/>
    <property name="java.vm.compressedOopsMode" value="Zero based"/>
    <property name="line.separator" value="&#10;"/>
    <property name="java.vm.specification.vendor" value="Oracle Corporation"/>
    <property name="java.specification.name" value="Java Platform API Specification"/>
    <property name="FILE_LOG_CHARSET" value="UTF-8"/>
    <property name="java.awt.headless" value="true"/>
    <property name="surefire.real.class.path" value="/Users/rediana/Project/Orchestration-Amqp/Orchestration-Amqp/target/surefire/surefirebooter-20240714183856235_3.jar"/>
    <property name="user.script" value="Hant"/>
    <property name="sun.management.compiler" value="HotSpot 64-Bit Tiered Compilers"/>
    <property name="ftp.nonProxyHosts" value="local|*.local|169.254/16|*.169.254/16"/>
    <property name="java.runtime.version" value="17.0.4.1+1-LTS"/>
    <property name="user.name" value="rediana"/>
    <property name="path.separator" value=":"/>
    <property name="os.version" value="14.5"/>
    <property name="java.runtime.name" value="OpenJDK Runtime Environment"/>
    <property name="file.encoding" value="UTF-8"/>
    <property name="java.vm.name" value="OpenJDK 64-Bit Server VM"/>
    <property name="java.vendor.version" value="Zulu17.36+17-CA"/>
    <property name="localRepository" value="/Users/rediana/.m2/repository"/>
    <property name="java.vendor.url.bug" value="http://www.azul.com/support/"/>
    <property name="java.io.tmpdir" value="/var/folders/zm/q22cqt6d7yx9yl58p5sg53w80000gn/T/"/>
    <property name="idea.version" value="2023.3.6"/>
    <property name="com.zaxxer.hikari.pool_number" value="1"/>
    <property name="java.version" value="17.0.4.1"/>
    <property name="user.dir" value="/Users/rediana/Project/Orchestration-Amqp/Orchestration-Amqp"/>
    <property name="os.arch" value="aarch64"/>
    <property name="java.vm.specification.name" value="Java Virtual Machine Specification"/>
    <property name="PID" value="7656"/>
    <property name="CONSOLE_LOG_CHARSET" value="UTF-8"/>
    <property name="native.encoding" value="UTF-8"/>
    <property name="java.library.path" value="/Users/rediana/Library/Java/Extensions:/Library/Java/Extensions:/Network/Library/Java/Extensions:/System/Library/Java/Extensions:/usr/lib/java:."/>
    <property name="java.vm.info" value="mixed mode, sharing"/>
    <property name="java.vendor" value="Azul Systems, Inc."/>
    <property name="java.vm.version" value="17.0.4.1+1-LTS"/>
    <property name="sun.io.unicode.encoding" value="UnicodeBig"/>
    <property name="socksNonProxyHosts" value="local|*.local|169.254/16|*.169.254/16"/>
    <property name="java.class.version" value="61.0"/>
    <property name="LOGGED_APPLICATION_NAME" value="[appointment-amqp] "/>
  </properties>
  <testcase name="validate_createMedicineContract" classname="nl.nl0e0.orchestrationamqp.contract.producer.ContractVerifierTest" time="0.41">
    <system-out><![CDATA[18:38:56.736 [main] INFO org.testcontainers.images.PullPolicy -- Image pull policy will be performed by: DefaultPullPolicy()
18:38:56.738 [main] INFO org.testcontainers.utility.ImageNameSubstitutor -- Image name substitution will be performed by: DefaultImageNameSubstitutor (composite of 'ConfigurationFileImageNameSubstitutor' and 'PrefixingImageNameSubstitutor')
18:38:56.872 [main] INFO org.testcontainers.dockerclient.DockerClientProviderStrategy -- Loaded org.testcontainers.dockerclient.UnixSocketClientProviderStrategy from ~/.testcontainers.properties, will try it first
18:38:57.033 [main] INFO org.testcontainers.dockerclient.DockerClientProviderStrategy -- Found Docker environment with local Unix socket (unix:///var/run/docker.sock)
18:38:57.034 [main] INFO org.testcontainers.DockerClientFactory -- Docker host IP address is localhost
18:38:57.046 [main] INFO org.testcontainers.DockerClientFactory -- Connected to docker: 
  Server Version: 26.1.4
  API Version: 1.45
  Operating System: Docker Desktop
  Total Memory: 7841 MB
18:38:57.060 [main] INFO tc.testcontainers/ryuk:0.7.0 -- Creating container for image: testcontainers/ryuk:0.7.0
18:38:57.176 [main] INFO org.testcontainers.utility.RegistryAuthLocator -- Credential helper/store (docker-credential-desktop) does not have credentials for https://index.docker.io/v1/
18:38:57.229 [main] INFO tc.testcontainers/ryuk:0.7.0 -- Container testcontainers/ryuk:0.7.0 is starting: 36a7b4ab04edcc021f2c502139f49d5632645b2dab01976a0ea5740de52097a9
18:38:57.435 [main] INFO tc.testcontainers/ryuk:0.7.0 -- Container testcontainers/ryuk:0.7.0 started in PT0.375537S
18:38:57.439 [main] INFO org.testcontainers.utility.RyukResourceReaper -- Ryuk started - will monitor and terminate Testcontainers containers on JVM exit
18:38:57.439 [main] INFO org.testcontainers.DockerClientFactory -- Checking the system...
18:38:57.439 [main] INFO org.testcontainers.DockerClientFactory -- ✔︎ Docker server version should be at least 1.6.0
18:38:57.440 [main] INFO tc.rabbitmq:3.7.25-management-alpine -- Creating container for image: rabbitmq:3.7.25-management-alpine
18:38:57.456 [main] INFO tc.rabbitmq:3.7.25-management-alpine -- Container rabbitmq:3.7.25-management-alpine is starting: ed1cfa11476777bdafcc1dec9ce4671b2878c2f71e5dce37a46c8627640b65e1
18:39:00.963 [main] INFO tc.rabbitmq:3.7.25-management-alpine -- Container rabbitmq:3.7.25-management-alpine started in PT3.522789S

  .   ____          _            __ _ _
 /\\ / ___'_ __ _ _(_)_ __  __ _ \ \ \ \
( ( )\___ | '_ | '_| | '_ \/ _` | \ \ \ \
 \\/  ___)| |_)| | | | | || (_| |  ) ) ) )
  '  |____| .__|_| |_|_| |_\__, | / / / /
 =========|_|==============|___/=/_/_/_/

 :: Spring Boot ::                (v3.3.1)

2024-07-14T18:39:01.135+08:00  INFO 7656 --- [appointment-amqp] [           main] n.n.o.c.producer.ContractVerifierTest    : Starting ContractVerifierTest using Java 17.0.4.1 with PID 7656 (started by rediana in /Users/rediana/Project/Orchestration-Amqp/Orchestration-Amqp)
2024-07-14T18:39:01.136+08:00  INFO 7656 --- [appointment-amqp] [           main] n.n.o.c.producer.ContractVerifierTest    : No active profile set, falling back to 1 default profile: "default"
2024-07-14T18:39:01.577+08:00  INFO 7656 --- [appointment-amqp] [           main] .s.d.r.c.RepositoryConfigurationDelegate : Multiple Spring Data modules found, entering strict repository configuration mode
2024-07-14T18:39:01.578+08:00  INFO 7656 --- [appointment-amqp] [           main] .s.d.r.c.RepositoryConfigurationDelegate : Bootstrapping Spring Data JPA repositories in DEFAULT mode.
2024-07-14T18:39:01.654+08:00  INFO 7656 --- [appointment-amqp] [           main] .s.d.r.c.RepositoryConfigurationDelegate : Finished Spring Data repository scanning in 72 ms. Found 3 JPA repository interfaces.
2024-07-14T18:39:01.665+08:00  INFO 7656 --- [appointment-amqp] [           main] .s.d.r.c.RepositoryConfigurationDelegate : Multiple Spring Data modules found, entering strict repository configuration mode
2024-07-14T18:39:01.666+08:00  INFO 7656 --- [appointment-amqp] [           main] .s.d.r.c.RepositoryConfigurationDelegate : Bootstrapping Spring Data Redis repositories in DEFAULT mode.
2024-07-14T18:39:01.673+08:00  INFO 7656 --- [appointment-amqp] [           main] .RepositoryConfigurationExtensionSupport : Spring Data Redis - Could not safely identify store assignment for repository candidate interface nl.nl0e0.orchestrationamqp.repository.OwnerRepository; If you want this repository to be a Redis repository, consider annotating your entities with one of these annotations: org.springframework.data.redis.core.RedisHash (preferred), or consider extending one of the following types with your repository: org.springframework.data.keyvalue.repository.KeyValueRepository
2024-07-14T18:39:01.673+08:00  INFO 7656 --- [appointment-amqp] [           main] .RepositoryConfigurationExtensionSupport : Spring Data Redis - Could not safely identify store assignment for repository candidate interface nl.nl0e0.orchestrationamqp.repository.PetRepository; If you want this repository to be a Redis repository, consider annotating your entities with one of these annotations: org.springframework.data.redis.core.RedisHash (preferred), or consider extending one of the following types with your repository: org.springframework.data.keyvalue.repository.KeyValueRepository
2024-07-14T18:39:01.673+08:00  INFO 7656 --- [appointment-amqp] [           main] .RepositoryConfigurationExtensionSupport : Spring Data Redis - Could not safely identify store assignment for repository candidate interface nl.nl0e0.orchestrationamqp.repository.VetRepository; If you want this repository to be a Redis repository, consider annotating your entities with one of these annotations: org.springframework.data.redis.core.RedisHash (preferred), or consider extending one of the following types with your repository: org.springframework.data.keyvalue.repository.KeyValueRepository
2024-07-14T18:39:01.673+08:00  INFO 7656 --- [appointment-amqp] [           main] .s.d.r.c.RepositoryConfigurationDelegate : Finished Spring Data repository scanning in 3 ms. Found 0 Redis repository interfaces.
2024-07-14T18:39:01.902+08:00  INFO 7656 --- [appointment-amqp] [           main] com.zaxxer.hikari.HikariDataSource       : HikariPool-1 - Starting...
2024-07-14T18:39:02.390+08:00  INFO 7656 --- [appointment-amqp] [           main] com.zaxxer.hikari.pool.HikariPool        : HikariPool-1 - Added connection org.postgresql.jdbc.PgConnection@39afe59f
2024-07-14T18:39:02.391+08:00  INFO 7656 --- [appointment-amqp] [           main] com.zaxxer.hikari.HikariDataSource       : HikariPool-1 - Start completed.
2024-07-14T18:39:02.423+08:00  INFO 7656 --- [appointment-amqp] [           main] o.hibernate.jpa.internal.util.LogHelper  : HHH000204: Processing PersistenceUnitInfo [name: default]
2024-07-14T18:39:02.452+08:00  INFO 7656 --- [appointment-amqp] [           main] org.hibernate.Version                    : HHH000412: Hibernate ORM core version 6.5.2.Final
2024-07-14T18:39:02.469+08:00  INFO 7656 --- [appointment-amqp] [           main] o.h.c.internal.RegionFactoryInitiator    : HHH000026: Second-level cache disabled
2024-07-14T18:39:02.612+08:00  INFO 7656 --- [appointment-amqp] [           main] o.s.o.j.p.SpringPersistenceUnitInfo      : No LoadTimeWeaver setup: ignoring JPA class transformer
2024-07-14T18:39:03.390+08:00  INFO 7656 --- [appointment-amqp] [           main] o.h.e.t.j.p.i.JtaPlatformInitiator       : HHH000489: No JTA platform available (set 'hibernate.transaction.jta.platform' to enable JTA platform integration)
2024-07-14T18:39:03.391+08:00  INFO 7656 --- [appointment-amqp] [           main] j.LocalContainerEntityManagerFactoryBean : Initialized JPA EntityManagerFactory for persistence unit 'default'
2024-07-14T18:39:03.638+08:00  INFO 7656 --- [appointment-amqp] [           main] o.s.d.j.r.query.QueryEnhancerFactory     : Hibernate is in classpath; If applicable, HQL parser will be used.
2024-07-14T18:39:03.899+08:00 ERROR 7656 --- [appointment-amqp] [           main] i.n.r.d.DnsServerAddressStreamProviders  : Unable to load io.netty.resolver.dns.macos.MacOSDnsServerAddressStreamProvider, fallback to system defaults. This may result in incorrect DNS resolutions on MacOS. Check whether you have a dependency on 'io.netty:netty-resolver-dns-native-macos'. Use DEBUG level to see the full stack: java.lang.UnsatisfiedLinkError: failed to load the required native library
2024-07-14T18:39:04.035+08:00  INFO 7656 --- [appointment-amqp] [           main] n.n.o.contract.RabbitMessageVerifier     : Clearing the queue
2024-07-14T18:39:04.037+08:00  INFO 7656 --- [appointment-amqp] [           main] o.s.c.c.v.m.i.ContractVerifierMessaging  : The message verifier sender implementation is of type [class org.springframework.cloud.contract.verifier.messaging.noop.NoOpStubMessages]
2024-07-14T18:39:04.037+08:00  INFO 7656 --- [appointment-amqp] [           main] o.s.c.c.v.m.i.ContractVerifierMessaging  : The message verifier receiver implementation is of type [class nl.nl0e0.orchestrationamqp.contract.RabbitMessageVerifier]
2024-07-14T18:39:04.208+08:00  INFO 7656 --- [appointment-amqp] [           main] o.s.a.r.c.CachingConnectionFactory       : Attempting to connect to: [localhost:62496]
2024-07-14T18:39:04.236+08:00  INFO 7656 --- [appointment-amqp] [           main] o.s.a.r.c.CachingConnectionFactory       : Created new connection: rabbitConnectionFactory#c53c04e:0/SimpleConnection@743efe35 [delegate=amqp://guest@127.0.0.1:62496/, localPort=62509]
2024-07-14T18:39:04.240+08:00  INFO 7656 --- [appointment-amqp] [           main] o.s.amqp.rabbit.core.RabbitAdmin         : Auto-declaring a non-durable, auto-delete, or exclusive Queue (createConsultation) durable:false, auto-delete:false, exclusive:false. It will be redeclared if the broker stops and is restarted while the connection factory is alive, but all messages will be lost.
2024-07-14T18:39:04.240+08:00  INFO 7656 --- [appointment-amqp] [           main] o.s.amqp.rabbit.core.RabbitAdmin         : Auto-declaring a non-durable, auto-delete, or exclusive Queue (createPayment) durable:false, auto-delete:false, exclusive:false. It will be redeclared if the broker stops and is restarted while the connection factory is alive, but all messages will be lost.
2024-07-14T18:39:04.241+08:00  INFO 7656 --- [appointment-amqp] [           main] o.s.amqp.rabbit.core.RabbitAdmin         : Auto-declaring a non-durable, auto-delete, or exclusive Queue (createMedicine) durable:false, auto-delete:false, exclusive:false. It will be redeclared if the broker stops and is restarted while the connection factory is alive, but all messages will be lost.
2024-07-14T18:39:04.241+08:00  INFO 7656 --- [appointment-amqp] [           main] o.s.amqp.rabbit.core.RabbitAdmin         : Auto-declaring a non-durable, auto-delete, or exclusive Queue (createAppointment) durable:false, auto-delete:false, exclusive:false. It will be redeclared if the broker stops and is restarted while the connection factory is alive, but all messages will be lost.
2024-07-14T18:39:04.241+08:00  INFO 7656 --- [appointment-amqp] [           main] o.s.amqp.rabbit.core.RabbitAdmin         : Auto-declaring a non-durable, auto-delete, or exclusive Queue (deleteAppointment) durable:false, auto-delete:false, exclusive:false. It will be redeclared if the broker stops and is restarted while the connection factory is alive, but all messages will be lost.
2024-07-14T18:39:04.241+08:00  INFO 7656 --- [appointment-amqp] [           main] o.s.amqp.rabbit.core.RabbitAdmin         : Auto-declaring a non-durable, auto-delete, or exclusive Queue (deleteMedicine) durable:false, auto-delete:false, exclusive:false. It will be redeclared if the broker stops and is restarted while the connection factory is alive, but all messages will be lost.
2024-07-14T18:39:04.241+08:00  INFO 7656 --- [appointment-amqp] [           main] o.s.amqp.rabbit.core.RabbitAdmin         : Auto-declaring a non-durable, auto-delete, or exclusive Queue (deletePayment) durable:false, auto-delete:false, exclusive:false. It will be redeclared if the broker stops and is restarted while the connection factory is alive, but all messages will be lost.
2024-07-14T18:39:04.241+08:00  INFO 7656 --- [appointment-amqp] [           main] o.s.amqp.rabbit.core.RabbitAdmin         : Auto-declaring a non-durable, auto-delete, or exclusive Queue (deleteConsultation) durable:false, auto-delete:false, exclusive:false. It will be redeclared if the broker stops and is restarted while the connection factory is alive, but all messages will be lost.
2024-07-14T18:39:04.241+08:00  INFO 7656 --- [appointment-amqp] [           main] o.s.amqp.rabbit.core.RabbitAdmin         : Auto-declaring a non-durable, auto-delete, or exclusive Queue (returnMedicalRecord) durable:false, auto-delete:false, exclusive:false. It will be redeclared if the broker stops and is restarted while the connection factory is alive, but all messages will be lost.
2024-07-14T18:39:04.241+08:00  INFO 7656 --- [appointment-amqp] [           main] o.s.amqp.rabbit.core.RabbitAdmin         : Auto-declaring a non-durable, auto-delete, or exclusive Queue (returnMedicalRecords) durable:false, auto-delete:false, exclusive:false. It will be redeclared if the broker stops and is restarted while the connection factory is alive, but all messages will be lost.
2024-07-14T18:39:04.241+08:00  INFO 7656 --- [appointment-amqp] [           main] o.s.amqp.rabbit.core.RabbitAdmin         : Auto-declaring a non-durable, auto-delete, or exclusive Queue (getIdByOwner) durable:false, auto-delete:false, exclusive:false. It will be redeclared if the broker stops and is restarted while the connection factory is alive, but all messages will be lost.
2024-07-14T18:39:04.241+08:00  INFO 7656 --- [appointment-amqp] [           main] o.s.amqp.rabbit.core.RabbitAdmin         : Auto-declaring a non-durable, auto-delete, or exclusive Queue (getRecordById2UpdateConsultation) durable:false, auto-delete:false, exclusive:false. It will be redeclared if the broker stops and is restarted while the connection factory is alive, but all messages will be lost.
2024-07-14T18:39:04.241+08:00  INFO 7656 --- [appointment-amqp] [           main] o.s.amqp.rabbit.core.RabbitAdmin         : Auto-declaring a non-durable, auto-delete, or exclusive Queue (returnMedicalRecord2UpdateConsultation) durable:false, auto-delete:false, exclusive:false. It will be redeclared if the broker stops and is restarted while the connection factory is alive, but all messages will be lost.
2024-07-14T18:39:04.241+08:00  INFO 7656 --- [appointment-amqp] [           main] o.s.amqp.rabbit.core.RabbitAdmin         : Auto-declaring a non-durable, auto-delete, or exclusive Queue (updateConsultation) durable:false, auto-delete:false, exclusive:false. It will be redeclared if the broker stops and is restarted while the connection factory is alive, but all messages will be lost.
2024-07-14T18:39:04.241+08:00  INFO 7656 --- [appointment-amqp] [           main] o.s.amqp.rabbit.core.RabbitAdmin         : Auto-declaring a non-durable, auto-delete, or exclusive Queue (updateMedicine) durable:false, auto-delete:false, exclusive:false. It will be redeclared if the broker stops and is restarted while the connection factory is alive, but all messages will be lost.
2024-07-14T18:39:04.325+08:00  INFO 7656 --- [appointment-amqp] [           main] n.n.o.c.producer.ContractVerifierTest    : Started ContractVerifierTest in 3.326 seconds (process running for 8.037)
2024-07-14T18:39:04.664+08:00  INFO 7656 --- [appointment-amqp] [ntContainer#6-1] n.n.o.contract.RabbitMessageVerifier     : Got a message from createMedicine! [GenericMessage [payload=Record ID: e7fa526b-acf0-40b8-b9de-0ab32ec356cb
Appointment ID: d42c90af-87a8-4f77-b333-f13c7d02b9fb
Consultation ID: 115ea14d-2e85-44a5-81df-8a962696184d
Payment ID: 115ea14d-2e85-44a5-81df-8a962696184d
Medicine ID: 288a3143-2ffa-431c-9dee-76f1dd714592, headers={amqp_receivedDeliveryMode=PERSISTENT, amqp_receivedExchange=createMedicine, amqp_deliveryTag=1, amqp_consumerQueue=createMedicine, amqp_redelivered=false, amqp_receivedRoutingKey=createMedicine, amqp_contentEncoding=UTF-8, id=315f6c67-6588-d6f4-4a39-4c291a2a6874, amqp_consumerTag=amq.ctag-PQtHUPwZoJOITchv9C0U7A, amqp_lastInBatch=false, contentType=application/json, __TypeId__=nl.nl0e0.petclinicentity.appointment.MedicalRecord, timestamp=1720953544663}]]
2024-07-14T18:39:04.664+08:00  INFO 7656 --- [appointment-amqp] [ntContainer#5-1] n.n.o.contract.RabbitMessageVerifier     : Got a message from createPayment! [GenericMessage [payload=Record ID: e7fa526b-acf0-40b8-b9de-0ab32ec356cb
Appointment ID: d42c90af-87a8-4f77-b333-f13c7d02b9fb
Consultation ID: 115ea14d-2e85-44a5-81df-8a962696184d
Payment ID: 115ea14d-2e85-44a5-81df-8a962696184d
Medicine ID: 288a3143-2ffa-431c-9dee-76f1dd714592, headers={amqp_receivedDeliveryMode=PERSISTENT, amqp_receivedExchange=createPayment, amqp_deliveryTag=1, amqp_consumerQueue=createPayment, amqp_redelivered=false, amqp_receivedRoutingKey=createPayment, amqp_contentEncoding=UTF-8, id=761c2b27-48c8-df83-8064-66a5690030f8, amqp_consumerTag=amq.ctag-ni797C-wWHn90wLfXyyrVA, amqp_lastInBatch=false, contentType=application/json, __TypeId__=nl.nl0e0.petclinicentity.appointment.MedicalRecord, timestamp=1720953544663}]]
2024-07-14T18:39:04.664+08:00  INFO 7656 --- [appointment-amqp] [ntContainer#4-1] n.n.o.contract.RabbitMessageVerifier     : Got a message from createConsultation! [GenericMessage [payload=Record ID: e7fa526b-acf0-40b8-b9de-0ab32ec356cb
Appointment ID: d42c90af-87a8-4f77-b333-f13c7d02b9fb
Consultation ID: 115ea14d-2e85-44a5-81df-8a962696184d
Payment ID: 115ea14d-2e85-44a5-81df-8a962696184d
Medicine ID: 288a3143-2ffa-431c-9dee-76f1dd714592, headers={amqp_receivedDeliveryMode=PERSISTENT, amqp_receivedExchange=createConsultation, amqp_deliveryTag=1, amqp_consumerQueue=createConsultation, amqp_redelivered=false, amqp_receivedRoutingKey=createConsultation, amqp_contentEncoding=UTF-8, id=3954fb72-be26-59e8-eeb1-0a3c7db8d09c, amqp_consumerTag=amq.ctag-sUTgYff6L2wQSAUz3HUPuQ, amqp_lastInBatch=false, contentType=application/json, __TypeId__=nl.nl0e0.petclinicentity.appointment.MedicalRecord, timestamp=1720953544663}]]
]]></system-out>
  </testcase>
  <testcase name="validate_createPaymentContract" classname="nl.nl0e0.orchestrationamqp.contract.producer.ContractVerifierTest" time="0.01">
    <system-out><![CDATA[2024-07-14T18:39:04.743+08:00  INFO 7656 --- [appointment-amqp] [ntContainer#5-1] n.n.o.contract.RabbitMessageVerifier     : Got a message from createPayment! [GenericMessage [payload=Record ID: 30b9aacb-c160-45e4-b6d0-cff5af70039e
Appointment ID: f261a8ea-ffd6-4c2e-ac2c-72c863402b6b
Consultation ID: 62c80743-aa42-4d8c-bf61-70c128a91586
Payment ID: 62c80743-aa42-4d8c-bf61-70c128a91586
Medicine ID: e0db649a-4220-4381-8d5f-b2931f8a512f, headers={amqp_receivedDeliveryMode=PERSISTENT, amqp_receivedExchange=createPayment, amqp_deliveryTag=2, amqp_consumerQueue=createPayment, amqp_redelivered=false, amqp_receivedRoutingKey=createPayment, amqp_contentEncoding=UTF-8, id=81cd01d9-8f0c-f5ad-1426-2809177c4dd4, amqp_consumerTag=amq.ctag-ni797C-wWHn90wLfXyyrVA, amqp_lastInBatch=false, contentType=application/json, __TypeId__=nl.nl0e0.petclinicentity.appointment.MedicalRecord, timestamp=1720953544743}]]
2024-07-14T18:39:04.744+08:00  INFO 7656 --- [appointment-amqp] [ntContainer#4-1] n.n.o.contract.RabbitMessageVerifier     : Got a message from createConsultation! [GenericMessage [payload=Record ID: 30b9aacb-c160-45e4-b6d0-cff5af70039e
Appointment ID: f261a8ea-ffd6-4c2e-ac2c-72c863402b6b
Consultation ID: 62c80743-aa42-4d8c-bf61-70c128a91586
Payment ID: 62c80743-aa42-4d8c-bf61-70c128a91586
Medicine ID: e0db649a-4220-4381-8d5f-b2931f8a512f, headers={amqp_receivedDeliveryMode=PERSISTENT, amqp_receivedExchange=createConsultation, amqp_deliveryTag=2, amqp_consumerQueue=createConsultation, amqp_redelivered=false, amqp_receivedRoutingKey=createConsultation, amqp_contentEncoding=UTF-8, id=3d35c04f-11a1-4918-ea31-3c161444af4d, amqp_consumerTag=amq.ctag-sUTgYff6L2wQSAUz3HUPuQ, amqp_lastInBatch=false, contentType=application/json, __TypeId__=nl.nl0e0.petclinicentity.appointment.MedicalRecord, timestamp=1720953544744}]]
2024-07-14T18:39:04.744+08:00  INFO 7656 --- [appointment-amqp] [ntContainer#6-1] n.n.o.contract.RabbitMessageVerifier     : Got a message from createMedicine! [GenericMessage [payload=Record ID: 30b9aacb-c160-45e4-b6d0-cff5af70039e
Appointment ID: f261a8ea-ffd6-4c2e-ac2c-72c863402b6b
Consultation ID: 62c80743-aa42-4d8c-bf61-70c128a91586
Payment ID: 62c80743-aa42-4d8c-bf61-70c128a91586
Medicine ID: e0db649a-4220-4381-8d5f-b2931f8a512f, headers={amqp_receivedDeliveryMode=PERSISTENT, amqp_receivedExchange=createMedicine, amqp_deliveryTag=2, amqp_consumerQueue=createMedicine, amqp_redelivered=false, amqp_receivedRoutingKey=createMedicine, amqp_contentEncoding=UTF-8, id=3ba0a81c-017a-d4c4-a322-3758710bfb08, amqp_consumerTag=amq.ctag-PQtHUPwZoJOITchv9C0U7A, amqp_lastInBatch=false, contentType=application/json, __TypeId__=nl.nl0e0.petclinicentity.appointment.MedicalRecord, timestamp=1720953544744}]]
]]></system-out>
  </testcase>
  <testcase name="validate_createAppointmentContract" classname="nl.nl0e0.orchestrationamqp.contract.producer.ContractVerifierTest" time="0.013">
    <error message="Parsed JSON [{&quot;id&quot;:&quot;e7fa526b-acf0-40b8-b9de-0ab32ec356cb&quot;,&quot;ownerId&quot;:1,&quot;vetId&quot;:1,&quot;state&quot;:&quot;init&quot;,&quot;petId&quot;:2,&quot;appointmentId&quot;:&quot;d42c90af-87a8-4f77-b333-f13c7d02b9fb&quot;,&quot;consultationId&quot;:&quot;115ea14d-2e85-44a5-81df-8a962696184d&quot;,&quot;paymentId&quot;:&quot;129925f1-00b4-4094-8e7a-4546cfbf059c&quot;,&quot;medicineId&quot;:&quot;288a3143-2ffa-431c-9dee-76f1dd714592&quot;}] doesn&apos;t match the JSON path [$[?(@.[&apos;appointmentDate&apos;] == &apos;2024-07-05T14:45:33.851107&apos;)]]" type="java.lang.IllegalStateException"><![CDATA[java.lang.IllegalStateException: Parsed JSON [{"id":"e7fa526b-acf0-40b8-b9de-0ab32ec356cb","ownerId":1,"vetId":1,"state":"init","petId":2,"appointmentId":"d42c90af-87a8-4f77-b333-f13c7d02b9fb","consultationId":"115ea14d-2e85-44a5-81df-8a962696184d","paymentId":"129925f1-00b4-4094-8e7a-4546cfbf059c","medicineId":"288a3143-2ffa-431c-9dee-76f1dd714592"}] doesn't match the JSON path [$[?(@.['appointmentDate'] == '2024-07-05T14:45:33.851107')]]
	at com.toomuchcoding.jsonassert.JsonAsserter.check(JsonAsserter.java:228)
	at com.toomuchcoding.jsonassert.JsonAsserter.checkBufferedJsonPathString(JsonAsserter.java:267)
	at com.toomuchcoding.jsonassert.JsonAsserter.isEqualTo(JsonAsserter.java:101)
	at nl.nl0e0.orchestrationamqp.contract.producer.ContractVerifierTest.validate_createAppointmentContract(ContractVerifierTest.java:39)
	at java.base/java.lang.reflect.Method.invoke(Method.java:568)
	at java.base/java.util.ArrayList.forEach(ArrayList.java:1511)
	at java.base/java.util.ArrayList.forEach(ArrayList.java:1511)
]]></error>
    <system-out><![CDATA[2024-07-14T18:39:04.755+08:00  INFO 7656 --- [appointment-amqp] [ntContainer#3-1] n.n.o.contract.RabbitMessageVerifier     : Got a message from createAppointment! [GenericMessage [payload=nl.nl0e0.petclinicentity.appointment.CreateAppointmentDTO@508c247f, headers={amqp_receivedDeliveryMode=PERSISTENT, amqp_receivedExchange=createAppointment, amqp_deliveryTag=1, amqp_consumerQueue=createAppointment, amqp_redelivered=false, amqp_receivedRoutingKey=createAppointment, amqp_contentEncoding=UTF-8, id=38b929c4-11ce-4944-f96a-8df73ec032df, amqp_consumerTag=amq.ctag-Kswk0AhMZ7vPTJU1Y3tEDA, amqp_lastInBatch=false, contentType=application/json, __TypeId__=nl.nl0e0.petclinicentity.appointment.CreateAppointmentDTO, timestamp=1720953544755}]]
]]></system-out>
  </testcase>
  <testcase name="validate_createConsultationContract" classname="nl.nl0e0.orchestrationamqp.contract.producer.ContractVerifierTest" time="0.008">
    <system-out><![CDATA[2024-07-14T18:39:04.770+08:00  INFO 7656 --- [appointment-amqp] [ntContainer#5-1] n.n.o.contract.RabbitMessageVerifier     : Got a message from createPayment! [GenericMessage [payload=Record ID: c8831ed7-4a9a-4b7b-b38e-3267ecc8fa1e
Appointment ID: 1f59f380-e08b-4bac-8471-11eabee9cbf3
Consultation ID: 5f41019a-e972-4d17-8bba-1fb8a9cabc02
Payment ID: 5f41019a-e972-4d17-8bba-1fb8a9cabc02
Medicine ID: 4e504717-7a13-4e28-8611-e03a66918689, headers={amqp_receivedDeliveryMode=PERSISTENT, amqp_receivedExchange=createPayment, amqp_deliveryTag=3, amqp_consumerQueue=createPayment, amqp_redelivered=false, amqp_receivedRoutingKey=createPayment, amqp_contentEncoding=UTF-8, id=71551ba1-8ca3-fdc9-6c88-c11014c167fb, amqp_consumerTag=amq.ctag-ni797C-wWHn90wLfXyyrVA, amqp_lastInBatch=false, contentType=application/json, __TypeId__=nl.nl0e0.petclinicentity.appointment.MedicalRecord, timestamp=1720953544770}]]
2024-07-14T18:39:04.771+08:00  INFO 7656 --- [appointment-amqp] [ntContainer#6-1] n.n.o.contract.RabbitMessageVerifier     : Got a message from createMedicine! [GenericMessage [payload=Record ID: c8831ed7-4a9a-4b7b-b38e-3267ecc8fa1e
Appointment ID: 1f59f380-e08b-4bac-8471-11eabee9cbf3
Consultation ID: 5f41019a-e972-4d17-8bba-1fb8a9cabc02
Payment ID: 5f41019a-e972-4d17-8bba-1fb8a9cabc02
Medicine ID: 4e504717-7a13-4e28-8611-e03a66918689, headers={amqp_receivedDeliveryMode=PERSISTENT, amqp_receivedExchange=createMedicine, amqp_deliveryTag=3, amqp_consumerQueue=createMedicine, amqp_redelivered=false, amqp_receivedRoutingKey=createMedicine, amqp_contentEncoding=UTF-8, id=bf8bfabd-2e1c-44c7-f9dc-cc7b58d188f4, amqp_consumerTag=amq.ctag-PQtHUPwZoJOITchv9C0U7A, amqp_lastInBatch=false, contentType=application/json, __TypeId__=nl.nl0e0.petclinicentity.appointment.MedicalRecord, timestamp=1720953544771}]]
2024-07-14T18:39:04.771+08:00  INFO 7656 --- [appointment-amqp] [ntContainer#4-1] n.n.o.contract.RabbitMessageVerifier     : Got a message from createConsultation! [GenericMessage [payload=Record ID: c8831ed7-4a9a-4b7b-b38e-3267ecc8fa1e
Appointment ID: 1f59f380-e08b-4bac-8471-11eabee9cbf3
Consultation ID: 5f41019a-e972-4d17-8bba-1fb8a9cabc02
Payment ID: 5f41019a-e972-4d17-8bba-1fb8a9cabc02
Medicine ID: 4e504717-7a13-4e28-8611-e03a66918689, headers={amqp_receivedDeliveryMode=PERSISTENT, amqp_receivedExchange=createConsultation, amqp_deliveryTag=3, amqp_consumerQueue=createConsultation, amqp_redelivered=false, amqp_receivedRoutingKey=createConsultation, amqp_contentEncoding=UTF-8, id=ffe1e2c3-d2de-c19f-869f-75fac3350a43, amqp_consumerTag=amq.ctag-sUTgYff6L2wQSAUz3HUPuQ, amqp_lastInBatch=false, contentType=application/json, __TypeId__=nl.nl0e0.petclinicentity.appointment.MedicalRecord, timestamp=1720953544771}]]
]]></system-out>
  </testcase>
</testsuite>