<?xml version="1.0" encoding="UTF-8"?>
<testsuite xmlns:xsi="http://www.w3.org/2001/XMLSchema-instance" xsi:noNamespaceSchemaLocation="https://maven.apache.org/surefire/maven-surefire-plugin/xsd/surefire-test-report-3.0.xsd" version="3.0" name="nl.nl0e0.orchestrationamqp.contract.ContractVerifierTest" time="12.427" tests="1" errors="0" skipped="0" failures="0">
  <properties>
    <property name="java.specification.version" value="17"/>
    <property name="sun.cpu.isalist" value="amd64"/>
    <property name="sun.jnu.encoding" value="Cp1252"/>
    <property name="java.class.path" value="C:\Users\ReDiana\Project\Orchestration-Amqp\Orchestration-Amqp\target\test-classes;C:\Users\ReDiana\Project\Orchestration-Amqp\Orchestration-Amqp\target\classes;C:\Users\ReDiana\.m2\repository\org\springframework\boot\spring-boot-starter\3.3.1\spring-boot-starter-3.3.1.jar;C:\Users\ReDiana\.m2\repository\org\springframework\boot\spring-boot\3.3.1\spring-boot-3.3.1.jar;C:\Users\ReDiana\.m2\repository\org\springframework\boot\spring-boot-autoconfigure\3.3.1\spring-boot-autoconfigure-3.3.1.jar;C:\Users\ReDiana\.m2\repository\org\springframework\boot\spring-boot-starter-logging\3.3.1\spring-boot-starter-logging-3.3.1.jar;C:\Users\ReDiana\.m2\repository\ch\qos\logback\logback-classic\1.5.6\logback-classic-1.5.6.jar;C:\Users\ReDiana\.m2\repository\ch\qos\logback\logback-core\1.5.6\logback-core-1.5.6.jar;C:\Users\ReDiana\.m2\repository\org\apache\logging\log4j\log4j-to-slf4j\2.23.1\log4j-to-slf4j-2.23.1.jar;C:\Users\ReDiana\.m2\repository\org\apache\logging\log4j\log4j-api\2.23.1\log4j-api-2.23.1.jar;C:\Users\ReDiana\.m2\repository\org\slf4j\jul-to-slf4j\2.0.13\jul-to-slf4j-2.0.13.jar;C:\Users\ReDiana\.m2\repository\jakarta\annotation\jakarta.annotation-api\2.1.1\jakarta.annotation-api-2.1.1.jar;C:\Users\ReDiana\.m2\repository\org\springframework\spring-core\6.1.10\spring-core-6.1.10.jar;C:\Users\ReDiana\.m2\repository\org\springframework\spring-jcl\6.1.10\spring-jcl-6.1.10.jar;C:\Users\ReDiana\.m2\repository\org\yaml\snakeyaml\2.2\snakeyaml-2.2.jar;C:\Users\ReDiana\.m2\repository\org\springframework\boot\spring-boot-starter-validation\3.3.1\spring-boot-starter-validation-3.3.1.jar;C:\Users\ReDiana\.m2\repository\org\apache\tomcat\embed\tomcat-embed-el\10.1.25\tomcat-embed-el-10.1.25.jar;C:\Users\ReDiana\.m2\repository\org\hibernate\validator\hibernate-validator\8.0.1.Final\hibernate-validator-8.0.1.Final.jar;C:\Users\ReDiana\.m2\repository\jakarta\validation\jakarta.validation-api\3.0.2\jakarta.validation-api-3.0.2.jar;C:\Users\ReDiana\.m2\repository\org\jboss\logging\jboss-logging\3.5.3.Final\jboss-logging-3.5.3.Final.jar;C:\Users\ReDiana\.m2\repository\com\fasterxml\classmate\1.7.0\classmate-1.7.0.jar;C:\Users\ReDiana\.m2\repository\org\springframework\boot\spring-boot-starter-web\3.3.1\spring-boot-starter-web-3.3.1.jar;C:\Users\ReDiana\.m2\repository\org\springframework\boot\spring-boot-starter-json\3.3.1\spring-boot-starter-json-3.3.1.jar;C:\Users\ReDiana\.m2\repository\com\fasterxml\jackson\datatype\jackson-datatype-jdk8\2.17.1\jackson-datatype-jdk8-2.17.1.jar;C:\Users\ReDiana\.m2\repository\com\fasterxml\jackson\datatype\jackson-datatype-jsr310\2.17.1\jackson-datatype-jsr310-2.17.1.jar;C:\Users\ReDiana\.m2\repository\com\fasterxml\jackson\module\jackson-module-parameter-names\2.17.1\jackson-module-parameter-names-2.17.1.jar;C:\Users\ReDiana\.m2\repository\org\springframework\boot\spring-boot-starter-tomcat\3.3.1\spring-boot-starter-tomcat-3.3.1.jar;C:\Users\ReDiana\.m2\repository\org\apache\tomcat\embed\tomcat-embed-core\10.1.25\tomcat-embed-core-10.1.25.jar;C:\Users\ReDiana\.m2\repository\org\apache\tomcat\embed\tomcat-embed-websocket\10.1.25\tomcat-embed-websocket-10.1.25.jar;C:\Users\ReDiana\.m2\repository\org\springframework\spring-web\6.1.10\spring-web-6.1.10.jar;C:\Users\ReDiana\.m2\repository\org\springframework\spring-beans\6.1.10\spring-beans-6.1.10.jar;C:\Users\ReDiana\.m2\repository\org\springframework\spring-webmvc\6.1.10\spring-webmvc-6.1.10.jar;C:\Users\ReDiana\.m2\repository\org\springframework\spring-aop\6.1.10\spring-aop-6.1.10.jar;C:\Users\ReDiana\.m2\repository\org\springframework\spring-expression\6.1.10\spring-expression-6.1.10.jar;C:\Users\ReDiana\.m2\repository\org\springframework\boot\spring-boot-starter-data-jpa\3.3.1\spring-boot-starter-data-jpa-3.3.1.jar;C:\Users\ReDiana\.m2\repository\org\springframework\boot\spring-boot-starter-aop\3.3.1\spring-boot-starter-aop-3.3.1.jar;C:\Users\ReDiana\.m2\repository\org\aspectj\aspectjweaver\1.9.22\aspectjweaver-1.9.22.jar;C:\Users\ReDiana\.m2\repository\org\springframework\boot\spring-boot-starter-jdbc\3.3.1\spring-boot-starter-jdbc-3.3.1.jar;C:\Users\ReDiana\.m2\repository\com\zaxxer\HikariCP\5.1.0\HikariCP-5.1.0.jar;C:\Users\ReDiana\.m2\repository\org\springframework\spring-jdbc\6.1.10\spring-jdbc-6.1.10.jar;C:\Users\ReDiana\.m2\repository\org\hibernate\orm\hibernate-core\6.5.2.Final\hibernate-core-6.5.2.Final.jar;C:\Users\ReDiana\.m2\repository\jakarta\persistence\jakarta.persistence-api\3.1.0\jakarta.persistence-api-3.1.0.jar;C:\Users\ReDiana\.m2\repository\jakarta\transaction\jakarta.transaction-api\2.0.1\jakarta.transaction-api-2.0.1.jar;C:\Users\ReDiana\.m2\repository\org\hibernate\common\hibernate-commons-annotations\6.0.6.Final\hibernate-commons-annotations-6.0.6.Final.jar;C:\Users\ReDiana\.m2\repository\io\smallrye\jandex\3.1.2\jandex-3.1.2.jar;C:\Users\ReDiana\.m2\repository\net\bytebuddy\byte-buddy\1.14.17\byte-buddy-1.14.17.jar;C:\Users\ReDiana\.m2\repository\org\glassfish\jaxb\jaxb-runtime\4.0.5\jaxb-runtime-4.0.5.jar;C:\Users\ReDiana\.m2\repository\org\glassfish\jaxb\jaxb-core\4.0.5\jaxb-core-4.0.5.jar;C:\Users\ReDiana\.m2\repository\org\eclipse\angus\angus-activation\2.0.2\angus-activation-2.0.2.jar;C:\Users\ReDiana\.m2\repository\org\glassfish\jaxb\txw2\4.0.5\txw2-4.0.5.jar;C:\Users\ReDiana\.m2\repository\com\sun\istack\istack-commons-runtime\4.1.2\istack-commons-runtime-4.1.2.jar;C:\Users\ReDiana\.m2\repository\jakarta\inject\jakarta.inject-api\2.0.1\jakarta.inject-api-2.0.1.jar;C:\Users\ReDiana\.m2\repository\org\antlr\antlr4-runtime\4.13.0\antlr4-runtime-4.13.0.jar;C:\Users\ReDiana\.m2\repository\org\springframework\data\spring-data-jpa\3.3.1\spring-data-jpa-3.3.1.jar;C:\Users\ReDiana\.m2\repository\org\springframework\data\spring-data-commons\3.3.1\spring-data-commons-3.3.1.jar;C:\Users\ReDiana\.m2\repository\org\springframework\spring-orm\6.1.10\spring-orm-6.1.10.jar;C:\Users\ReDiana\.m2\repository\org\slf4j\slf4j-api\2.0.13\slf4j-api-2.0.13.jar;C:\Users\ReDiana\.m2\repository\org\springframework\spring-aspects\6.1.10\spring-aspects-6.1.10.jar;C:\Users\ReDiana\.m2\repository\org\projectlombok\lombok\1.18.32\lombok-1.18.32.jar;C:\Users\ReDiana\.m2\repository\org\springframework\boot\spring-boot-starter-test\3.3.1\spring-boot-starter-test-3.3.1.jar;C:\Users\ReDiana\.m2\repository\org\springframework\boot\spring-boot-test\3.3.1\spring-boot-test-3.3.1.jar;C:\Users\ReDiana\.m2\repository\org\springframework\boot\spring-boot-test-autoconfigure\3.3.1\spring-boot-test-autoconfigure-3.3.1.jar;C:\Users\ReDiana\.m2\repository\com\jayway\jsonpath\json-path\2.9.0\json-path-2.9.0.jar;C:\Users\ReDiana\.m2\repository\net\minidev\json-smart\2.5.1\json-smart-2.5.1.jar;C:\Users\ReDiana\.m2\repository\net\minidev\accessors-smart\2.5.1\accessors-smart-2.5.1.jar;C:\Users\ReDiana\.m2\repository\org\ow2\asm\asm\9.6\asm-9.6.jar;C:\Users\ReDiana\.m2\repository\org\assertj\assertj-core\3.25.3\assertj-core-3.25.3.jar;C:\Users\ReDiana\.m2\repository\org\awaitility\awaitility\4.2.1\awaitility-4.2.1.jar;C:\Users\ReDiana\.m2\repository\org\hamcrest\hamcrest\2.2\hamcrest-2.2.jar;C:\Users\ReDiana\.m2\repository\org\junit\jupiter\junit-jupiter\5.10.2\junit-jupiter-5.10.2.jar;C:\Users\ReDiana\.m2\repository\org\junit\jupiter\junit-jupiter-params\5.10.2\junit-jupiter-params-5.10.2.jar;C:\Users\ReDiana\.m2\repository\org\mockito\mockito-core\5.11.0\mockito-core-5.11.0.jar;C:\Users\ReDiana\.m2\repository\net\bytebuddy\byte-buddy-agent\1.14.17\byte-buddy-agent-1.14.17.jar;C:\Users\ReDiana\.m2\repository\org\objenesis\objenesis\3.3\objenesis-3.3.jar;C:\Users\ReDiana\.m2\repository\org\mockito\mockito-junit-jupiter\5.11.0\mockito-junit-jupiter-5.11.0.jar;C:\Users\ReDiana\.m2\repository\org\skyscreamer\jsonassert\1.5.1\jsonassert-1.5.1.jar;C:\Users\ReDiana\.m2\repository\com\vaadin\external\google\android-json\0.0.20131108.vaadin1\android-json-0.0.20131108.vaadin1.jar;C:\Users\ReDiana\.m2\repository\org\springframework\spring-test\6.1.10\spring-test-6.1.10.jar;C:\Users\ReDiana\.m2\repository\org\xmlunit\xmlunit-core\2.9.1\xmlunit-core-2.9.1.jar;C:\Users\ReDiana\.m2\repository\org\springframework\amqp\spring-rabbit\3.1.0\spring-rabbit-3.1.0.jar;C:\Users\ReDiana\.m2\repository\org\springframework\amqp\spring-amqp\3.1.6\spring-amqp-3.1.6.jar;C:\Users\ReDiana\.m2\repository\org\springframework\retry\spring-retry\2.0.6\spring-retry-2.0.6.jar;C:\Users\ReDiana\.m2\repository\com\rabbitmq\amqp-client\5.21.0\amqp-client-5.21.0.jar;C:\Users\ReDiana\.m2\repository\org\springframework\spring-context\6.1.10\spring-context-6.1.10.jar;C:\Users\ReDiana\.m2\repository\org\springframework\spring-messaging\6.1.10\spring-messaging-6.1.10.jar;C:\Users\ReDiana\.m2\repository\org\springframework\spring-tx\6.1.10\spring-tx-6.1.10.jar;C:\Users\ReDiana\.m2\repository\io\micrometer\micrometer-observation\1.13.1\micrometer-observation-1.13.1.jar;C:\Users\ReDiana\.m2\repository\io\micrometer\micrometer-commons\1.13.1\micrometer-commons-1.13.1.jar;C:\Users\ReDiana\.m2\repository\jakarta\xml\bind\jakarta.xml.bind-api\4.0.0\jakarta.xml.bind-api-4.0.0.jar;C:\Users\ReDiana\.m2\repository\jakarta\activation\jakarta.activation-api\2.1.3\jakarta.activation-api-2.1.3.jar;C:\Users\ReDiana\.m2\repository\org\postgresql\postgresql\42.7.3\postgresql-42.7.3.jar;C:\Users\ReDiana\.m2\repository\org\checkerframework\checker-qual\3.42.0\checker-qual-3.42.0.jar;C:\Users\ReDiana\.m2\repository\org\springframework\boot\spring-boot-starter-webflux\3.3.1\spring-boot-starter-webflux-3.3.1.jar;C:\Users\ReDiana\.m2\repository\org\springframework\boot\spring-boot-starter-reactor-netty\3.3.1\spring-boot-starter-reactor-netty-3.3.1.jar;C:\Users\ReDiana\.m2\repository\io\projectreactor\netty\reactor-netty-http\1.1.20\reactor-netty-http-1.1.20.jar;C:\Users\ReDiana\.m2\repository\io\netty\netty-codec-http\4.1.111.Final\netty-codec-http-4.1.111.Final.jar;C:\Users\ReDiana\.m2\repository\io\netty\netty-codec-http2\4.1.111.Final\netty-codec-http2-4.1.111.Final.jar;C:\Users\ReDiana\.m2\repository\io\netty\netty-resolver-dns\4.1.111.Final\netty-resolver-dns-4.1.111.Final.jar;C:\Users\ReDiana\.m2\repository\io\netty\netty-codec-dns\4.1.111.Final\netty-codec-dns-4.1.111.Final.jar;C:\Users\ReDiana\.m2\repository\io\netty\netty-resolver-dns-native-macos\4.1.111.Final\netty-resolver-dns-native-macos-4.1.111.Final-osx-x86_64.jar;C:\Users\ReDiana\.m2\repository\io\netty\netty-resolver-dns-classes-macos\4.1.111.Final\netty-resolver-dns-classes-macos-4.1.111.Final.jar;C:\Users\ReDiana\.m2\repository\io\netty\netty-transport-native-epoll\4.1.111.Final\netty-transport-native-epoll-4.1.111.Final-linux-x86_64.jar;C:\Users\ReDiana\.m2\repository\io\netty\netty-transport-classes-epoll\4.1.111.Final\netty-transport-classes-epoll-4.1.111.Final.jar;C:\Users\ReDiana\.m2\repository\io\projectreactor\netty\reactor-netty-core\1.1.20\reactor-netty-core-1.1.20.jar;C:\Users\ReDiana\.m2\repository\io\netty\netty-handler-proxy\4.1.111.Final\netty-handler-proxy-4.1.111.Final.jar;C:\Users\ReDiana\.m2\repository\io\netty\netty-codec-socks\4.1.111.Final\netty-codec-socks-4.1.111.Final.jar;C:\Users\ReDiana\.m2\repository\org\springframework\spring-webflux\6.1.10\spring-webflux-6.1.10.jar;C:\Users\ReDiana\.m2\repository\io\projectreactor\reactor-core\3.6.7\reactor-core-3.6.7.jar;C:\Users\ReDiana\.m2\repository\org\reactivestreams\reactive-streams\1.0.4\reactive-streams-1.0.4.jar;C:\Users\ReDiana\.m2\repository\com\fasterxml\jackson\core\jackson-databind\2.17.1\jackson-databind-2.17.1.jar;C:\Users\ReDiana\.m2\repository\com\fasterxml\jackson\core\jackson-core\2.17.1\jackson-core-2.17.1.jar;C:\Users\ReDiana\.m2\repository\com\fasterxml\jackson\core\jackson-annotations\2.17.1\jackson-annotations-2.17.1.jar;C:\Users\ReDiana\.m2\repository\org\springframework\boot\spring-boot-starter-data-redis\3.3.1\spring-boot-starter-data-redis-3.3.1.jar;C:\Users\ReDiana\.m2\repository\io\lettuce\lettuce-core\6.3.2.RELEASE\lettuce-core-6.3.2.RELEASE.jar;C:\Users\ReDiana\.m2\repository\io\netty\netty-common\4.1.111.Final\netty-common-4.1.111.Final.jar;C:\Users\ReDiana\.m2\repository\io\netty\netty-handler\4.1.111.Final\netty-handler-4.1.111.Final.jar;C:\Users\ReDiana\.m2\repository\io\netty\netty-resolver\4.1.111.Final\netty-resolver-4.1.111.Final.jar;C:\Users\ReDiana\.m2\repository\io\netty\netty-buffer\4.1.111.Final\netty-buffer-4.1.111.Final.jar;C:\Users\ReDiana\.m2\repository\io\netty\netty-transport-native-unix-common\4.1.111.Final\netty-transport-native-unix-common-4.1.111.Final.jar;C:\Users\ReDiana\.m2\repository\io\netty\netty-codec\4.1.111.Final\netty-codec-4.1.111.Final.jar;C:\Users\ReDiana\.m2\repository\io\netty\netty-transport\4.1.111.Final\netty-transport-4.1.111.Final.jar;C:\Users\ReDiana\.m2\repository\org\springframework\data\spring-data-redis\3.3.1\spring-data-redis-3.3.1.jar;C:\Users\ReDiana\.m2\repository\org\springframework\data\spring-data-keyvalue\3.3.1\spring-data-keyvalue-3.3.1.jar;C:\Users\ReDiana\.m2\repository\org\springframework\spring-oxm\6.1.10\spring-oxm-6.1.10.jar;C:\Users\ReDiana\.m2\repository\org\springframework\spring-context-support\6.1.10\spring-context-support-6.1.10.jar;C:\Users\ReDiana\.m2\repository\nl\nl0e0\Petclinic-Entity\1.0-SNAPSHOT\Petclinic-Entity-1.0-SNAPSHOT.jar;C:\Users\ReDiana\.m2\repository\org\springframework\cloud\spring-cloud-contract-verifier\4.1.1\spring-cloud-contract-verifier-4.1.1.jar;C:\Users\ReDiana\.m2\repository\org\springframework\cloud\spring-cloud-contract-spec\4.1.1\spring-cloud-contract-spec-4.1.1.jar;C:\Users\ReDiana\.m2\repository\org\springframework\cloud\spring-cloud-contract-spec-java\4.1.1\spring-cloud-contract-spec-java-4.1.1.jar;C:\Users\ReDiana\.m2\repository\dk\brics\automaton\1.12-4\automaton-1.12-4.jar;C:\Users\ReDiana\.m2\repository\org\springframework\cloud\spring-cloud-contract-spec-groovy\4.1.1\spring-cloud-contract-spec-groovy-4.1.1.jar;C:\Users\ReDiana\.m2\repository\org\springframework\cloud\spring-cloud-contract-shade\4.1.1\spring-cloud-contract-shade-4.1.1.jar;C:\Users\ReDiana\.m2\repository\org\apache\commons\commons-text\1.11.0\commons-text-1.11.0.jar;C:\Users\ReDiana\.m2\repository\org\apache\commons\commons-lang3\3.14.0\commons-lang3-3.14.0.jar;C:\Users\ReDiana\.m2\repository\javax\inject\javax.inject\1\javax.inject-1.jar;C:\Users\ReDiana\.m2\repository\com\github\tomakehurst\wiremock-jre8-standalone\2.35.1\wiremock-jre8-standalone-2.35.1.jar;C:\Users\ReDiana\.m2\repository\com\toomuchcoding\jsonassert\jsonassert\0.8.0\jsonassert-0.8.0.jar;C:\Users\ReDiana\.m2\repository\org\apache\maven\resolver\maven-resolver-api\1.9.18\maven-resolver-api-1.9.18.jar;C:\Users\ReDiana\.m2\repository\com\rackspace\eclipse\webtools\sourceediting\org.eclipse.wst.xml.xpath2.processor\2.1.100\org.eclipse.wst.xml.xpath2.processor-2.1.100.jar;C:\Users\ReDiana\.m2\repository\edu\princeton\cup\java-cup\10k\java-cup-10k.jar;C:\Users\ReDiana\.m2\repository\com\ibm\icu\icu4j\4.6\icu4j-4.6.jar;C:\Users\ReDiana\.m2\repository\org\apache\groovy\groovy\4.0.21\groovy-4.0.21.jar;C:\Users\ReDiana\.m2\repository\org\apache\groovy\groovy-nio\4.0.21\groovy-nio-4.0.21.jar;C:\Users\ReDiana\.m2\repository\org\apache\groovy\groovy-json\4.0.21\groovy-json-4.0.21.jar;C:\Users\ReDiana\.m2\repository\org\apache\groovy\groovy-xml\4.0.21\groovy-xml-4.0.21.jar;C:\Users\ReDiana\.m2\repository\com\github\jknack\handlebars\4.3.1\handlebars-4.3.1.jar;C:\Users\ReDiana\.m2\repository\commons-beanutils\commons-beanutils\1.9.4\commons-beanutils-1.9.4.jar;C:\Users\ReDiana\.m2\repository\commons-logging\commons-logging\1.2\commons-logging-1.2.jar;C:\Users\ReDiana\.m2\repository\commons-collections\commons-collections\3.2.2\commons-collections-3.2.2.jar;C:\Users\ReDiana\.m2\repository\com\fasterxml\jackson\dataformat\jackson-dataformat-yaml\2.17.1\jackson-dataformat-yaml-2.17.1.jar;C:\Users\ReDiana\.m2\repository\net\javacrumbs\json-unit\json-unit-assertj\2.38.0\json-unit-assertj-2.38.0.jar;C:\Users\ReDiana\.m2\repository\net\javacrumbs\json-unit\json-unit-core\2.38.0\json-unit-core-2.38.0.jar;C:\Users\ReDiana\.m2\repository\org\hamcrest\hamcrest-core\2.2\hamcrest-core-2.2.jar;C:\Users\ReDiana\.m2\repository\net\javacrumbs\json-unit\json-unit-json-path\2.38.0\json-unit-json-path-2.38.0.jar;C:\Users\ReDiana\.m2\repository\org\junit\jupiter\junit-jupiter-api\5.10.2\junit-jupiter-api-5.10.2.jar;C:\Users\ReDiana\.m2\repository\org\opentest4j\opentest4j\1.3.0\opentest4j-1.3.0.jar;C:\Users\ReDiana\.m2\repository\org\junit\platform\junit-platform-commons\1.10.2\junit-platform-commons-1.10.2.jar;C:\Users\ReDiana\.m2\repository\org\junit\jupiter\junit-jupiter-engine\5.10.2\junit-jupiter-engine-5.10.2.jar;C:\Users\ReDiana\.m2\repository\org\junit\platform\junit-platform-engine\1.10.2\junit-platform-engine-1.10.2.jar;C:\Users\ReDiana\.m2\repository\org\apiguardian\apiguardian-api\1.1.2\apiguardian-api-1.1.2.jar;C:\Users\ReDiana\.m2\repository\org\testcontainers\junit-jupiter\1.17.1\junit-jupiter-1.17.1.jar;C:\Users\ReDiana\.m2\repository\org\testcontainers\testcontainers\1.19.8\testcontainers-1.19.8.jar;C:\Users\ReDiana\.m2\repository\junit\junit\4.13.2\junit-4.13.2.jar;C:\Users\ReDiana\.m2\repository\org\apache\commons\commons-compress\1.24.0\commons-compress-1.24.0.jar;C:\Users\ReDiana\.m2\repository\org\rnorth\duct-tape\duct-tape\1.0.8\duct-tape-1.0.8.jar;C:\Users\ReDiana\.m2\repository\org\jetbrains\annotations\17.0.0\annotations-17.0.0.jar;C:\Users\ReDiana\.m2\repository\com\github\docker-java\docker-java-api\3.3.6\docker-java-api-3.3.6.jar;C:\Users\ReDiana\.m2\repository\com\github\docker-java\docker-java-transport-zerodep\3.3.6\docker-java-transport-zerodep-3.3.6.jar;C:\Users\ReDiana\.m2\repository\com\github\docker-java\docker-java-transport\3.3.6\docker-java-transport-3.3.6.jar;C:\Users\ReDiana\.m2\repository\net\java\dev\jna\jna\5.13.0\jna-5.13.0.jar;C:\Users\ReDiana\.m2\repository\org\testcontainers\rabbitmq\1.17.2\rabbitmq-1.17.2.jar;"/>
    <property name="java.vm.vendor" value="Azul Systems, Inc."/>
    <property name="sun.arch.data.model" value="64"/>
    <property name="user.variant" value=""/>
    <property name="java.vendor.url" value="http://www.azul.com/"/>
    <property name="user.timezone" value="Asia/Taipei"/>
    <property name="org.jboss.logging.provider" value="slf4j"/>
    <property name="user.country.format" value="AS"/>
    <property name="os.name" value="Windows 11"/>
    <property name="java.vm.specification.version" value="17"/>
    <property name="sun.java.launcher" value="SUN_STANDARD"/>
    <property name="user.country" value="US"/>
    <property name="sun.boot.library.path" value="C:\Users\ReDiana\.jdks\azul-17.0.7\bin"/>
    <property name="sun.java.command" value="C:\Users\ReDiana\AppData\Local\Temp\surefire13588220800568720071\surefirebooter-20240704183338631_3.jar C:\Users\ReDiana\AppData\Local\Temp\surefire13588220800568720071 2024-07-04T18-33-38_561-jvmRun1 surefire-20240704183338631_1tmp surefire_0-20240704183338631_2tmp"/>
    <property name="jdk.debug" value="release"/>
    <property name="surefire.test.class.path" value="C:\Users\ReDiana\Project\Orchestration-Amqp\Orchestration-Amqp\target\test-classes;C:\Users\ReDiana\Project\Orchestration-Amqp\Orchestration-Amqp\target\classes;C:\Users\ReDiana\.m2\repository\org\springframework\boot\spring-boot-starter\3.3.1\spring-boot-starter-3.3.1.jar;C:\Users\ReDiana\.m2\repository\org\springframework\boot\spring-boot\3.3.1\spring-boot-3.3.1.jar;C:\Users\ReDiana\.m2\repository\org\springframework\boot\spring-boot-autoconfigure\3.3.1\spring-boot-autoconfigure-3.3.1.jar;C:\Users\ReDiana\.m2\repository\org\springframework\boot\spring-boot-starter-logging\3.3.1\spring-boot-starter-logging-3.3.1.jar;C:\Users\ReDiana\.m2\repository\ch\qos\logback\logback-classic\1.5.6\logback-classic-1.5.6.jar;C:\Users\ReDiana\.m2\repository\ch\qos\logback\logback-core\1.5.6\logback-core-1.5.6.jar;C:\Users\ReDiana\.m2\repository\org\apache\logging\log4j\log4j-to-slf4j\2.23.1\log4j-to-slf4j-2.23.1.jar;C:\Users\ReDiana\.m2\repository\org\apache\logging\log4j\log4j-api\2.23.1\log4j-api-2.23.1.jar;C:\Users\ReDiana\.m2\repository\org\slf4j\jul-to-slf4j\2.0.13\jul-to-slf4j-2.0.13.jar;C:\Users\ReDiana\.m2\repository\jakarta\annotation\jakarta.annotation-api\2.1.1\jakarta.annotation-api-2.1.1.jar;C:\Users\ReDiana\.m2\repository\org\springframework\spring-core\6.1.10\spring-core-6.1.10.jar;C:\Users\ReDiana\.m2\repository\org\springframework\spring-jcl\6.1.10\spring-jcl-6.1.10.jar;C:\Users\ReDiana\.m2\repository\org\yaml\snakeyaml\2.2\snakeyaml-2.2.jar;C:\Users\ReDiana\.m2\repository\org\springframework\boot\spring-boot-starter-validation\3.3.1\spring-boot-starter-validation-3.3.1.jar;C:\Users\ReDiana\.m2\repository\org\apache\tomcat\embed\tomcat-embed-el\10.1.25\tomcat-embed-el-10.1.25.jar;C:\Users\ReDiana\.m2\repository\org\hibernate\validator\hibernate-validator\8.0.1.Final\hibernate-validator-8.0.1.Final.jar;C:\Users\ReDiana\.m2\repository\jakarta\validation\jakarta.validation-api\3.0.2\jakarta.validation-api-3.0.2.jar;C:\Users\ReDiana\.m2\repository\org\jboss\logging\jboss-logging\3.5.3.Final\jboss-logging-3.5.3.Final.jar;C:\Users\ReDiana\.m2\repository\com\fasterxml\classmate\1.7.0\classmate-1.7.0.jar;C:\Users\ReDiana\.m2\repository\org\springframework\boot\spring-boot-starter-web\3.3.1\spring-boot-starter-web-3.3.1.jar;C:\Users\ReDiana\.m2\repository\org\springframework\boot\spring-boot-starter-json\3.3.1\spring-boot-starter-json-3.3.1.jar;C:\Users\ReDiana\.m2\repository\com\fasterxml\jackson\datatype\jackson-datatype-jdk8\2.17.1\jackson-datatype-jdk8-2.17.1.jar;C:\Users\ReDiana\.m2\repository\com\fasterxml\jackson\datatype\jackson-datatype-jsr310\2.17.1\jackson-datatype-jsr310-2.17.1.jar;C:\Users\ReDiana\.m2\repository\com\fasterxml\jackson\module\jackson-module-parameter-names\2.17.1\jackson-module-parameter-names-2.17.1.jar;C:\Users\ReDiana\.m2\repository\org\springframework\boot\spring-boot-starter-tomcat\3.3.1\spring-boot-starter-tomcat-3.3.1.jar;C:\Users\ReDiana\.m2\repository\org\apache\tomcat\embed\tomcat-embed-core\10.1.25\tomcat-embed-core-10.1.25.jar;C:\Users\ReDiana\.m2\repository\org\apache\tomcat\embed\tomcat-embed-websocket\10.1.25\tomcat-embed-websocket-10.1.25.jar;C:\Users\ReDiana\.m2\repository\org\springframework\spring-web\6.1.10\spring-web-6.1.10.jar;C:\Users\ReDiana\.m2\repository\org\springframework\spring-beans\6.1.10\spring-beans-6.1.10.jar;C:\Users\ReDiana\.m2\repository\org\springframework\spring-webmvc\6.1.10\spring-webmvc-6.1.10.jar;C:\Users\ReDiana\.m2\repository\org\springframework\spring-aop\6.1.10\spring-aop-6.1.10.jar;C:\Users\ReDiana\.m2\repository\org\springframework\spring-expression\6.1.10\spring-expression-6.1.10.jar;C:\Users\ReDiana\.m2\repository\org\springframework\boot\spring-boot-starter-data-jpa\3.3.1\spring-boot-starter-data-jpa-3.3.1.jar;C:\Users\ReDiana\.m2\repository\org\springframework\boot\spring-boot-starter-aop\3.3.1\spring-boot-starter-aop-3.3.1.jar;C:\Users\ReDiana\.m2\repository\org\aspectj\aspectjweaver\1.9.22\aspectjweaver-1.9.22.jar;C:\Users\ReDiana\.m2\repository\org\springframework\boot\spring-boot-starter-jdbc\3.3.1\spring-boot-starter-jdbc-3.3.1.jar;C:\Users\ReDiana\.m2\repository\com\zaxxer\HikariCP\5.1.0\HikariCP-5.1.0.jar;C:\Users\ReDiana\.m2\repository\org\springframework\spring-jdbc\6.1.10\spring-jdbc-6.1.10.jar;C:\Users\ReDiana\.m2\repository\org\hibernate\orm\hibernate-core\6.5.2.Final\hibernate-core-6.5.2.Final.jar;C:\Users\ReDiana\.m2\repository\jakarta\persistence\jakarta.persistence-api\3.1.0\jakarta.persistence-api-3.1.0.jar;C:\Users\ReDiana\.m2\repository\jakarta\transaction\jakarta.transaction-api\2.0.1\jakarta.transaction-api-2.0.1.jar;C:\Users\ReDiana\.m2\repository\org\hibernate\common\hibernate-commons-annotations\6.0.6.Final\hibernate-commons-annotations-6.0.6.Final.jar;C:\Users\ReDiana\.m2\repository\io\smallrye\jandex\3.1.2\jandex-3.1.2.jar;C:\Users\ReDiana\.m2\repository\net\bytebuddy\byte-buddy\1.14.17\byte-buddy-1.14.17.jar;C:\Users\ReDiana\.m2\repository\org\glassfish\jaxb\jaxb-runtime\4.0.5\jaxb-runtime-4.0.5.jar;C:\Users\ReDiana\.m2\repository\org\glassfish\jaxb\jaxb-core\4.0.5\jaxb-core-4.0.5.jar;C:\Users\ReDiana\.m2\repository\org\eclipse\angus\angus-activation\2.0.2\angus-activation-2.0.2.jar;C:\Users\ReDiana\.m2\repository\org\glassfish\jaxb\txw2\4.0.5\txw2-4.0.5.jar;C:\Users\ReDiana\.m2\repository\com\sun\istack\istack-commons-runtime\4.1.2\istack-commons-runtime-4.1.2.jar;C:\Users\ReDiana\.m2\repository\jakarta\inject\jakarta.inject-api\2.0.1\jakarta.inject-api-2.0.1.jar;C:\Users\ReDiana\.m2\repository\org\antlr\antlr4-runtime\4.13.0\antlr4-runtime-4.13.0.jar;C:\Users\ReDiana\.m2\repository\org\springframework\data\spring-data-jpa\3.3.1\spring-data-jpa-3.3.1.jar;C:\Users\ReDiana\.m2\repository\org\springframework\data\spring-data-commons\3.3.1\spring-data-commons-3.3.1.jar;C:\Users\ReDiana\.m2\repository\org\springframework\spring-orm\6.1.10\spring-orm-6.1.10.jar;C:\Users\ReDiana\.m2\repository\org\slf4j\slf4j-api\2.0.13\slf4j-api-2.0.13.jar;C:\Users\ReDiana\.m2\repository\org\springframework\spring-aspects\6.1.10\spring-aspects-6.1.10.jar;C:\Users\ReDiana\.m2\repository\org\projectlombok\lombok\1.18.32\lombok-1.18.32.jar;C:\Users\ReDiana\.m2\repository\org\springframework\boot\spring-boot-starter-test\3.3.1\spring-boot-starter-test-3.3.1.jar;C:\Users\ReDiana\.m2\repository\org\springframework\boot\spring-boot-test\3.3.1\spring-boot-test-3.3.1.jar;C:\Users\ReDiana\.m2\repository\org\springframework\boot\spring-boot-test-autoconfigure\3.3.1\spring-boot-test-autoconfigure-3.3.1.jar;C:\Users\ReDiana\.m2\repository\com\jayway\jsonpath\json-path\2.9.0\json-path-2.9.0.jar;C:\Users\ReDiana\.m2\repository\net\minidev\json-smart\2.5.1\json-smart-2.5.1.jar;C:\Users\ReDiana\.m2\repository\net\minidev\accessors-smart\2.5.1\accessors-smart-2.5.1.jar;C:\Users\ReDiana\.m2\repository\org\ow2\asm\asm\9.6\asm-9.6.jar;C:\Users\ReDiana\.m2\repository\org\assertj\assertj-core\3.25.3\assertj-core-3.25.3.jar;C:\Users\ReDiana\.m2\repository\org\awaitility\awaitility\4.2.1\awaitility-4.2.1.jar;C:\Users\ReDiana\.m2\repository\org\hamcrest\hamcrest\2.2\hamcrest-2.2.jar;C:\Users\ReDiana\.m2\repository\org\junit\jupiter\junit-jupiter\5.10.2\junit-jupiter-5.10.2.jar;C:\Users\ReDiana\.m2\repository\org\junit\jupiter\junit-jupiter-params\5.10.2\junit-jupiter-params-5.10.2.jar;C:\Users\ReDiana\.m2\repository\org\mockito\mockito-core\5.11.0\mockito-core-5.11.0.jar;C:\Users\ReDiana\.m2\repository\net\bytebuddy\byte-buddy-agent\1.14.17\byte-buddy-agent-1.14.17.jar;C:\Users\ReDiana\.m2\repository\org\objenesis\objenesis\3.3\objenesis-3.3.jar;C:\Users\ReDiana\.m2\repository\org\mockito\mockito-junit-jupiter\5.11.0\mockito-junit-jupiter-5.11.0.jar;C:\Users\ReDiana\.m2\repository\org\skyscreamer\jsonassert\1.5.1\jsonassert-1.5.1.jar;C:\Users\ReDiana\.m2\repository\com\vaadin\external\google\android-json\0.0.20131108.vaadin1\android-json-0.0.20131108.vaadin1.jar;C:\Users\ReDiana\.m2\repository\org\springframework\spring-test\6.1.10\spring-test-6.1.10.jar;C:\Users\ReDiana\.m2\repository\org\xmlunit\xmlunit-core\2.9.1\xmlunit-core-2.9.1.jar;C:\Users\ReDiana\.m2\repository\org\springframework\amqp\spring-rabbit\3.1.0\spring-rabbit-3.1.0.jar;C:\Users\ReDiana\.m2\repository\org\springframework\amqp\spring-amqp\3.1.6\spring-amqp-3.1.6.jar;C:\Users\ReDiana\.m2\repository\org\springframework\retry\spring-retry\2.0.6\spring-retry-2.0.6.jar;C:\Users\ReDiana\.m2\repository\com\rabbitmq\amqp-client\5.21.0\amqp-client-5.21.0.jar;C:\Users\ReDiana\.m2\repository\org\springframework\spring-context\6.1.10\spring-context-6.1.10.jar;C:\Users\ReDiana\.m2\repository\org\springframework\spring-messaging\6.1.10\spring-messaging-6.1.10.jar;C:\Users\ReDiana\.m2\repository\org\springframework\spring-tx\6.1.10\spring-tx-6.1.10.jar;C:\Users\ReDiana\.m2\repository\io\micrometer\micrometer-observation\1.13.1\micrometer-observation-1.13.1.jar;C:\Users\ReDiana\.m2\repository\io\micrometer\micrometer-commons\1.13.1\micrometer-commons-1.13.1.jar;C:\Users\ReDiana\.m2\repository\jakarta\xml\bind\jakarta.xml.bind-api\4.0.0\jakarta.xml.bind-api-4.0.0.jar;C:\Users\ReDiana\.m2\repository\jakarta\activation\jakarta.activation-api\2.1.3\jakarta.activation-api-2.1.3.jar;C:\Users\ReDiana\.m2\repository\org\postgresql\postgresql\42.7.3\postgresql-42.7.3.jar;C:\Users\ReDiana\.m2\repository\org\checkerframework\checker-qual\3.42.0\checker-qual-3.42.0.jar;C:\Users\ReDiana\.m2\repository\org\springframework\boot\spring-boot-starter-webflux\3.3.1\spring-boot-starter-webflux-3.3.1.jar;C:\Users\ReDiana\.m2\repository\org\springframework\boot\spring-boot-starter-reactor-netty\3.3.1\spring-boot-starter-reactor-netty-3.3.1.jar;C:\Users\ReDiana\.m2\repository\io\projectreactor\netty\reactor-netty-http\1.1.20\reactor-netty-http-1.1.20.jar;C:\Users\ReDiana\.m2\repository\io\netty\netty-codec-http\4.1.111.Final\netty-codec-http-4.1.111.Final.jar;C:\Users\ReDiana\.m2\repository\io\netty\netty-codec-http2\4.1.111.Final\netty-codec-http2-4.1.111.Final.jar;C:\Users\ReDiana\.m2\repository\io\netty\netty-resolver-dns\4.1.111.Final\netty-resolver-dns-4.1.111.Final.jar;C:\Users\ReDiana\.m2\repository\io\netty\netty-codec-dns\4.1.111.Final\netty-codec-dns-4.1.111.Final.jar;C:\Users\ReDiana\.m2\repository\io\netty\netty-resolver-dns-native-macos\4.1.111.Final\netty-resolver-dns-native-macos-4.1.111.Final-osx-x86_64.jar;C:\Users\ReDiana\.m2\repository\io\netty\netty-resolver-dns-classes-macos\4.1.111.Final\netty-resolver-dns-classes-macos-4.1.111.Final.jar;C:\Users\ReDiana\.m2\repository\io\netty\netty-transport-native-epoll\4.1.111.Final\netty-transport-native-epoll-4.1.111.Final-linux-x86_64.jar;C:\Users\ReDiana\.m2\repository\io\netty\netty-transport-classes-epoll\4.1.111.Final\netty-transport-classes-epoll-4.1.111.Final.jar;C:\Users\ReDiana\.m2\repository\io\projectreactor\netty\reactor-netty-core\1.1.20\reactor-netty-core-1.1.20.jar;C:\Users\ReDiana\.m2\repository\io\netty\netty-handler-proxy\4.1.111.Final\netty-handler-proxy-4.1.111.Final.jar;C:\Users\ReDiana\.m2\repository\io\netty\netty-codec-socks\4.1.111.Final\netty-codec-socks-4.1.111.Final.jar;C:\Users\ReDiana\.m2\repository\org\springframework\spring-webflux\6.1.10\spring-webflux-6.1.10.jar;C:\Users\ReDiana\.m2\repository\io\projectreactor\reactor-core\3.6.7\reactor-core-3.6.7.jar;C:\Users\ReDiana\.m2\repository\org\reactivestreams\reactive-streams\1.0.4\reactive-streams-1.0.4.jar;C:\Users\ReDiana\.m2\repository\com\fasterxml\jackson\core\jackson-databind\2.17.1\jackson-databind-2.17.1.jar;C:\Users\ReDiana\.m2\repository\com\fasterxml\jackson\core\jackson-core\2.17.1\jackson-core-2.17.1.jar;C:\Users\ReDiana\.m2\repository\com\fasterxml\jackson\core\jackson-annotations\2.17.1\jackson-annotations-2.17.1.jar;C:\Users\ReDiana\.m2\repository\org\springframework\boot\spring-boot-starter-data-redis\3.3.1\spring-boot-starter-data-redis-3.3.1.jar;C:\Users\ReDiana\.m2\repository\io\lettuce\lettuce-core\6.3.2.RELEASE\lettuce-core-6.3.2.RELEASE.jar;C:\Users\ReDiana\.m2\repository\io\netty\netty-common\4.1.111.Final\netty-common-4.1.111.Final.jar;C:\Users\ReDiana\.m2\repository\io\netty\netty-handler\4.1.111.Final\netty-handler-4.1.111.Final.jar;C:\Users\ReDiana\.m2\repository\io\netty\netty-resolver\4.1.111.Final\netty-resolver-4.1.111.Final.jar;C:\Users\ReDiana\.m2\repository\io\netty\netty-buffer\4.1.111.Final\netty-buffer-4.1.111.Final.jar;C:\Users\ReDiana\.m2\repository\io\netty\netty-transport-native-unix-common\4.1.111.Final\netty-transport-native-unix-common-4.1.111.Final.jar;C:\Users\ReDiana\.m2\repository\io\netty\netty-codec\4.1.111.Final\netty-codec-4.1.111.Final.jar;C:\Users\ReDiana\.m2\repository\io\netty\netty-transport\4.1.111.Final\netty-transport-4.1.111.Final.jar;C:\Users\ReDiana\.m2\repository\org\springframework\data\spring-data-redis\3.3.1\spring-data-redis-3.3.1.jar;C:\Users\ReDiana\.m2\repository\org\springframework\data\spring-data-keyvalue\3.3.1\spring-data-keyvalue-3.3.1.jar;C:\Users\ReDiana\.m2\repository\org\springframework\spring-oxm\6.1.10\spring-oxm-6.1.10.jar;C:\Users\ReDiana\.m2\repository\org\springframework\spring-context-support\6.1.10\spring-context-support-6.1.10.jar;C:\Users\ReDiana\.m2\repository\nl\nl0e0\Petclinic-Entity\1.0-SNAPSHOT\Petclinic-Entity-1.0-SNAPSHOT.jar;C:\Users\ReDiana\.m2\repository\org\springframework\cloud\spring-cloud-contract-verifier\4.1.1\spring-cloud-contract-verifier-4.1.1.jar;C:\Users\ReDiana\.m2\repository\org\springframework\cloud\spring-cloud-contract-spec\4.1.1\spring-cloud-contract-spec-4.1.1.jar;C:\Users\ReDiana\.m2\repository\org\springframework\cloud\spring-cloud-contract-spec-java\4.1.1\spring-cloud-contract-spec-java-4.1.1.jar;C:\Users\ReDiana\.m2\repository\dk\brics\automaton\1.12-4\automaton-1.12-4.jar;C:\Users\ReDiana\.m2\repository\org\springframework\cloud\spring-cloud-contract-spec-groovy\4.1.1\spring-cloud-contract-spec-groovy-4.1.1.jar;C:\Users\ReDiana\.m2\repository\org\springframework\cloud\spring-cloud-contract-shade\4.1.1\spring-cloud-contract-shade-4.1.1.jar;C:\Users\ReDiana\.m2\repository\org\apache\commons\commons-text\1.11.0\commons-text-1.11.0.jar;C:\Users\ReDiana\.m2\repository\org\apache\commons\commons-lang3\3.14.0\commons-lang3-3.14.0.jar;C:\Users\ReDiana\.m2\repository\javax\inject\javax.inject\1\javax.inject-1.jar;C:\Users\ReDiana\.m2\repository\com\github\tomakehurst\wiremock-jre8-standalone\2.35.1\wiremock-jre8-standalone-2.35.1.jar;C:\Users\ReDiana\.m2\repository\com\toomuchcoding\jsonassert\jsonassert\0.8.0\jsonassert-0.8.0.jar;C:\Users\ReDiana\.m2\repository\org\apache\maven\resolver\maven-resolver-api\1.9.18\maven-resolver-api-1.9.18.jar;C:\Users\ReDiana\.m2\repository\com\rackspace\eclipse\webtools\sourceediting\org.eclipse.wst.xml.xpath2.processor\2.1.100\org.eclipse.wst.xml.xpath2.processor-2.1.100.jar;C:\Users\ReDiana\.m2\repository\edu\princeton\cup\java-cup\10k\java-cup-10k.jar;C:\Users\ReDiana\.m2\repository\com\ibm\icu\icu4j\4.6\icu4j-4.6.jar;C:\Users\ReDiana\.m2\repository\org\apache\groovy\groovy\4.0.21\groovy-4.0.21.jar;C:\Users\ReDiana\.m2\repository\org\apache\groovy\groovy-nio\4.0.21\groovy-nio-4.0.21.jar;C:\Users\ReDiana\.m2\repository\org\apache\groovy\groovy-json\4.0.21\groovy-json-4.0.21.jar;C:\Users\ReDiana\.m2\repository\org\apache\groovy\groovy-xml\4.0.21\groovy-xml-4.0.21.jar;C:\Users\ReDiana\.m2\repository\com\github\jknack\handlebars\4.3.1\handlebars-4.3.1.jar;C:\Users\ReDiana\.m2\repository\commons-beanutils\commons-beanutils\1.9.4\commons-beanutils-1.9.4.jar;C:\Users\ReDiana\.m2\repository\commons-logging\commons-logging\1.2\commons-logging-1.2.jar;C:\Users\ReDiana\.m2\repository\commons-collections\commons-collections\3.2.2\commons-collections-3.2.2.jar;C:\Users\ReDiana\.m2\repository\com\fasterxml\jackson\dataformat\jackson-dataformat-yaml\2.17.1\jackson-dataformat-yaml-2.17.1.jar;C:\Users\ReDiana\.m2\repository\net\javacrumbs\json-unit\json-unit-assertj\2.38.0\json-unit-assertj-2.38.0.jar;C:\Users\ReDiana\.m2\repository\net\javacrumbs\json-unit\json-unit-core\2.38.0\json-unit-core-2.38.0.jar;C:\Users\ReDiana\.m2\repository\org\hamcrest\hamcrest-core\2.2\hamcrest-core-2.2.jar;C:\Users\ReDiana\.m2\repository\net\javacrumbs\json-unit\json-unit-json-path\2.38.0\json-unit-json-path-2.38.0.jar;C:\Users\ReDiana\.m2\repository\org\junit\jupiter\junit-jupiter-api\5.10.2\junit-jupiter-api-5.10.2.jar;C:\Users\ReDiana\.m2\repository\org\opentest4j\opentest4j\1.3.0\opentest4j-1.3.0.jar;C:\Users\ReDiana\.m2\repository\org\junit\platform\junit-platform-commons\1.10.2\junit-platform-commons-1.10.2.jar;C:\Users\ReDiana\.m2\repository\org\junit\jupiter\junit-jupiter-engine\5.10.2\junit-jupiter-engine-5.10.2.jar;C:\Users\ReDiana\.m2\repository\org\junit\platform\junit-platform-engine\1.10.2\junit-platform-engine-1.10.2.jar;C:\Users\ReDiana\.m2\repository\org\apiguardian\apiguardian-api\1.1.2\apiguardian-api-1.1.2.jar;C:\Users\ReDiana\.m2\repository\org\testcontainers\junit-jupiter\1.17.1\junit-jupiter-1.17.1.jar;C:\Users\ReDiana\.m2\repository\org\testcontainers\testcontainers\1.19.8\testcontainers-1.19.8.jar;C:\Users\ReDiana\.m2\repository\junit\junit\4.13.2\junit-4.13.2.jar;C:\Users\ReDiana\.m2\repository\org\apache\commons\commons-compress\1.24.0\commons-compress-1.24.0.jar;C:\Users\ReDiana\.m2\repository\org\rnorth\duct-tape\duct-tape\1.0.8\duct-tape-1.0.8.jar;C:\Users\ReDiana\.m2\repository\org\jetbrains\annotations\17.0.0\annotations-17.0.0.jar;C:\Users\ReDiana\.m2\repository\com\github\docker-java\docker-java-api\3.3.6\docker-java-api-3.3.6.jar;C:\Users\ReDiana\.m2\repository\com\github\docker-java\docker-java-transport-zerodep\3.3.6\docker-java-transport-zerodep-3.3.6.jar;C:\Users\ReDiana\.m2\repository\com\github\docker-java\docker-java-transport\3.3.6\docker-java-transport-3.3.6.jar;C:\Users\ReDiana\.m2\repository\net\java\dev\jna\jna\5.13.0\jna-5.13.0.jar;C:\Users\ReDiana\.m2\repository\org\testcontainers\rabbitmq\1.17.2\rabbitmq-1.17.2.jar;"/>
    <property name="sun.cpu.endian" value="little"/>
    <property name="user.home" value="C:\Users\ReDiana"/>
    <property name="user.language" value="en"/>
    <property name="java.specification.vendor" value="Oracle Corporation"/>
    <property name="java.version.date" value="2023-04-18"/>
    <property name="java.home" value="C:\Users\ReDiana\.jdks\azul-17.0.7"/>
    <property name="file.separator" value="\"/>
    <property name="basedir" value="C:\Users\ReDiana\Project\Orchestration-Amqp\Orchestration-Amqp"/>
    <property name="java.vm.compressedOopsMode" value="Zero based"/>
    <property name="line.separator" value="&#10;"/>
    <property name="java.vm.specification.vendor" value="Oracle Corporation"/>
    <property name="java.specification.name" value="Java Platform API Specification"/>
    <property name="FILE_LOG_CHARSET" value="windows-1252"/>
    <property name="java.awt.headless" value="true"/>
    <property name="surefire.real.class.path" value="C:\Users\ReDiana\AppData\Local\Temp\surefire13588220800568720071\surefirebooter-20240704183338631_3.jar"/>
    <property name="user.script" value=""/>
    <property name="sun.management.compiler" value="HotSpot 64-Bit Tiered Compilers"/>
    <property name="java.runtime.version" value="17.0.7+7-LTS"/>
    <property name="user.name" value="ReDiana"/>
    <property name="path.separator" value=";"/>
    <property name="os.version" value="10.0"/>
    <property name="java.runtime.name" value="OpenJDK Runtime Environment"/>
    <property name="file.encoding" value="Cp1252"/>
    <property name="java.vm.name" value="OpenJDK 64-Bit Server VM"/>
    <property name="java.vendor.version" value="Zulu17.42+19-CA"/>
    <property name="localRepository" value="C:\Users\ReDiana\.m2\repository"/>
    <property name="java.vendor.url.bug" value="http://www.azul.com/support/"/>
    <property name="java.io.tmpdir" value="C:\Users\ReDiana\AppData\Local\Temp\"/>
    <property name="idea.version" value="2023.1.7"/>
    <property name="com.zaxxer.hikari.pool_number" value="1"/>
    <property name="java.version" value="17.0.7"/>
    <property name="user.dir" value="C:\Users\ReDiana\Project\Orchestration-Amqp\Orchestration-Amqp"/>
    <property name="os.arch" value="amd64"/>
    <property name="java.vm.specification.name" value="Java Virtual Machine Specification"/>
    <property name="PID" value="25812"/>
    <property name="sun.os.patch.level" value=""/>
    <property name="CONSOLE_LOG_CHARSET" value="windows-1252"/>
    <property name="native.encoding" value="Cp1252"/>
    <property name="java.library.path" value="C:\Users\ReDiana\.jdks\azul-17.0.7\bin;C:\Windows\Sun\Java\bin;C:\Windows\system32;C:\Windows;C:\Program Files\Zulu\zulu-19\bin\;C:\Program Files\Zulu\zulu-17\bin\;C:\Program Files (x86)\VMware\VMware Workstation\bin\;C:\Windows\system32;C:\Windows;C:\Windows\System32\Wbem;C:\Windows\System32\WindowsPowerShell\v1.0\;C:\Windows\System32\OpenSSH\;C:\Program Files (x86)\NVIDIA Corporation\PhysX\Common;C:\Program Files\NVIDIA Corporation\NVIDIA NvDLISR;C:\Program Files\Git\cmd;C:\Program Files\PuTTY\;C:\Program Files (x86)\ZeroTier\One\;C:\Program Files\dotnet\;C:\Program Files\Docker\Docker\resources\bin;C:\Users\ReDiana\AppData\Local\Microsoft\WindowsApps;;."/>
    <property name="java.vm.info" value="mixed mode, sharing"/>
    <property name="java.vendor" value="Azul Systems, Inc."/>
    <property name="java.vm.version" value="17.0.7+7-LTS"/>
    <property name="sun.io.unicode.encoding" value="UnicodeLittle"/>
    <property name="java.class.version" value="61.0"/>
    <property name="LOGGED_APPLICATION_NAME" value="[appointment-amqp] "/>
  </properties>
  <testcase name="validate_contract" classname="nl.nl0e0.orchestrationamqp.contract.ContractVerifierTest" time="0.527">
    <system-out><![CDATA[18:33:39.478 [main] INFO org.testcontainers.images.PullPolicy -- Image pull policy will be performed by: DefaultPullPolicy()
18:33:39.483 [main] INFO org.testcontainers.utility.ImageNameSubstitutor -- Image name substitution will be performed by: DefaultImageNameSubstitutor (composite of 'ConfigurationFileImageNameSubstitutor' and 'PrefixingImageNameSubstitutor')
18:33:39.835 [main] INFO org.testcontainers.dockerclient.DockerClientProviderStrategy -- Loaded org.testcontainers.dockerclient.NpipeSocketClientProviderStrategy from ~/.testcontainers.properties, will try it first
18:33:40.072 [main] INFO org.testcontainers.dockerclient.DockerClientProviderStrategy -- Found Docker environment with local Npipe socket (npipe:////./pipe/docker_engine)
18:33:40.073 [main] INFO org.testcontainers.DockerClientFactory -- Docker host IP address is localhost
18:33:40.085 [main] INFO org.testcontainers.DockerClientFactory -- Connected to docker: 
  Server Version: 26.1.4
  API Version: 1.45
  Operating System: Docker Desktop
  Total Memory: 15912 MB
18:33:40.102 [main] INFO tc.testcontainers/ryuk:0.7.0 -- Creating container for image: testcontainers/ryuk:0.7.0
18:33:40.225 [main] INFO org.testcontainers.utility.RegistryAuthLocator -- Credential helper/store (docker-credential-desktop) does not have credentials for https://index.docker.io/v1/
18:33:40.303 [main] INFO tc.testcontainers/ryuk:0.7.0 -- Container testcontainers/ryuk:0.7.0 is starting: 5d1e01f4cf7c00081866d1fc50f3184828a262bbed4c368305bea23c2c8c8de3
18:33:40.628 [main] INFO tc.testcontainers/ryuk:0.7.0 -- Container testcontainers/ryuk:0.7.0 started in PT0.5259377S
18:33:40.633 [main] INFO org.testcontainers.utility.RyukResourceReaper -- Ryuk started - will monitor and terminate Testcontainers containers on JVM exit
18:33:40.633 [main] INFO org.testcontainers.DockerClientFactory -- Checking the system...
18:33:40.633 [main] INFO org.testcontainers.DockerClientFactory -- ?? Docker server version should be at least 1.6.0
18:33:40.634 [main] INFO tc.rabbitmq:3.7.25-management-alpine -- Creating container for image: rabbitmq:3.7.25-management-alpine
18:33:40.664 [main] INFO tc.rabbitmq:3.7.25-management-alpine -- Container rabbitmq:3.7.25-management-alpine is starting: 4ce7a6984172abcb4985f00d0d8f94179a55c8bdc33b2db38b7e7bcce8916269
18:33:44.899 [main] INFO tc.rabbitmq:3.7.25-management-alpine -- Container rabbitmq:3.7.25-management-alpine started in PT4.2654576S

  .   ____          _            __ _ _
 /\\ / ___'_ __ _ _(_)_ __  __ _ \ \ \ \
( ( )\___ | '_ | '_| | '_ \/ _` | \ \ \ \
 \\/  ___)| |_)| | | | | || (_| |  ) ) ) )
  '  |____| .__|_| |_|_| |_\__, | / / / /
 =========|_|==============|___/=/_/_/_/

 :: Spring Boot ::                (v3.3.1)

2024-07-04T18:33:45.162+08:00  INFO 25812 --- [appointment-amqp] [           main] n.n.o.contract.ContractVerifierTest      : Starting ContractVerifierTest using Java 17.0.7 with PID 25812 (started by ReDiana in C:\Users\ReDiana\Project\Orchestration-Amqp\Orchestration-Amqp)
2024-07-04T18:33:45.163+08:00  INFO 25812 --- [appointment-amqp] [           main] n.n.o.contract.ContractVerifierTest      : No active profile set, falling back to 1 default profile: "default"
2024-07-04T18:33:45.922+08:00  INFO 25812 --- [appointment-amqp] [           main] .s.d.r.c.RepositoryConfigurationDelegate : Multiple Spring Data modules found, entering strict repository configuration mode
2024-07-04T18:33:45.923+08:00  INFO 25812 --- [appointment-amqp] [           main] .s.d.r.c.RepositoryConfigurationDelegate : Bootstrapping Spring Data JPA repositories in DEFAULT mode.
2024-07-04T18:33:46.056+08:00  INFO 25812 --- [appointment-amqp] [           main] .s.d.r.c.RepositoryConfigurationDelegate : Finished Spring Data repository scanning in 122 ms. Found 3 JPA repository interfaces.
2024-07-04T18:33:46.073+08:00  INFO 25812 --- [appointment-amqp] [           main] .s.d.r.c.RepositoryConfigurationDelegate : Multiple Spring Data modules found, entering strict repository configuration mode
2024-07-04T18:33:46.074+08:00  INFO 25812 --- [appointment-amqp] [           main] .s.d.r.c.RepositoryConfigurationDelegate : Bootstrapping Spring Data Redis repositories in DEFAULT mode.
2024-07-04T18:33:46.084+08:00  INFO 25812 --- [appointment-amqp] [           main] .RepositoryConfigurationExtensionSupport : Spring Data Redis - Could not safely identify store assignment for repository candidate interface nl.nl0e0.orchestrationamqp.repository.OwnerRepository; If you want this repository to be a Redis repository, consider annotating your entities with one of these annotations: org.springframework.data.redis.core.RedisHash (preferred), or consider extending one of the following types with your repository: org.springframework.data.keyvalue.repository.KeyValueRepository
2024-07-04T18:33:46.084+08:00  INFO 25812 --- [appointment-amqp] [           main] .RepositoryConfigurationExtensionSupport : Spring Data Redis - Could not safely identify store assignment for repository candidate interface nl.nl0e0.orchestrationamqp.repository.PetRepository; If you want this repository to be a Redis repository, consider annotating your entities with one of these annotations: org.springframework.data.redis.core.RedisHash (preferred), or consider extending one of the following types with your repository: org.springframework.data.keyvalue.repository.KeyValueRepository
2024-07-04T18:33:46.084+08:00  INFO 25812 --- [appointment-amqp] [           main] .RepositoryConfigurationExtensionSupport : Spring Data Redis - Could not safely identify store assignment for repository candidate interface nl.nl0e0.orchestrationamqp.repository.VetRepository; If you want this repository to be a Redis repository, consider annotating your entities with one of these annotations: org.springframework.data.redis.core.RedisHash (preferred), or consider extending one of the following types with your repository: org.springframework.data.keyvalue.repository.KeyValueRepository
2024-07-04T18:33:46.084+08:00  INFO 25812 --- [appointment-amqp] [           main] .s.d.r.c.RepositoryConfigurationDelegate : Finished Spring Data repository scanning in 4 ms. Found 0 Redis repository interfaces.
2024-07-04T18:33:46.518+08:00  INFO 25812 --- [appointment-amqp] [           main] com.zaxxer.hikari.HikariDataSource       : HikariPool-1 - Starting...
2024-07-04T18:33:46.893+08:00  INFO 25812 --- [appointment-amqp] [           main] com.zaxxer.hikari.pool.HikariPool        : HikariPool-1 - Added connection org.postgresql.jdbc.PgConnection@1cb849b2
2024-07-04T18:33:46.894+08:00  INFO 25812 --- [appointment-amqp] [           main] com.zaxxer.hikari.HikariDataSource       : HikariPool-1 - Start completed.
2024-07-04T18:33:46.983+08:00  INFO 25812 --- [appointment-amqp] [           main] o.hibernate.jpa.internal.util.LogHelper  : HHH000204: Processing PersistenceUnitInfo [name: default]
2024-07-04T18:33:47.037+08:00  INFO 25812 --- [appointment-amqp] [           main] org.hibernate.Version                    : HHH000412: Hibernate ORM core version 6.5.2.Final
2024-07-04T18:33:47.069+08:00  INFO 25812 --- [appointment-amqp] [           main] o.h.c.internal.RegionFactoryInitiator    : HHH000026: Second-level cache disabled
2024-07-04T18:33:47.342+08:00  INFO 25812 --- [appointment-amqp] [           main] o.s.o.j.p.SpringPersistenceUnitInfo      : No LoadTimeWeaver setup: ignoring JPA class transformer
2024-07-04T18:33:48.419+08:00  INFO 25812 --- [appointment-amqp] [           main] o.h.e.t.j.p.i.JtaPlatformInitiator       : HHH000489: No JTA platform available (set 'hibernate.transaction.jta.platform' to enable JTA platform integration)
2024-07-04T18:33:48.421+08:00  INFO 25812 --- [appointment-amqp] [           main] j.LocalContainerEntityManagerFactoryBean : Initialized JPA EntityManagerFactory for persistence unit 'default'
2024-07-04T18:33:49.008+08:00  INFO 25812 --- [appointment-amqp] [           main] o.s.d.j.r.query.QueryEnhancerFactory     : Hibernate is in classpath; If applicable, HQL parser will be used.
2024-07-04T18:33:49.880+08:00  INFO 25812 --- [appointment-amqp] [           main] o.s.c.c.v.m.i.ContractVerifierMessaging  : The message verifier sender implementation is of type [class org.springframework.cloud.contract.verifier.messaging.noop.NoOpStubMessages]
2024-07-04T18:33:49.880+08:00  INFO 25812 --- [appointment-amqp] [           main] o.s.c.c.v.m.i.ContractVerifierMessaging  : The message verifier receiver implementation is of type [class nl.nl0e0.orchestrationamqp.contract.RabbitMessageVerifier]
2024-07-04T18:33:50.391+08:00  INFO 25812 --- [appointment-amqp] [           main] o.s.a.r.c.CachingConnectionFactory       : Attempting to connect to: [localhost:8290]
2024-07-04T18:33:50.503+08:00  INFO 25812 --- [appointment-amqp] [           main] o.s.a.r.c.CachingConnectionFactory       : Created new connection: rabbitConnectionFactory#61f2bf3a:0/SimpleConnection@35c630af [delegate=amqp://guest@127.0.0.1:8290/, localPort=8317]
2024-07-04T18:33:50.520+08:00  INFO 25812 --- [appointment-amqp] [           main] o.s.amqp.rabbit.core.RabbitAdmin         : Auto-declaring a non-durable, auto-delete, or exclusive Queue (createConsultationQueue) durable:false, auto-delete:false, exclusive:false. It will be redeclared if the broker stops and is restarted while the connection factory is alive, but all messages will be lost.
2024-07-04T18:33:50.520+08:00  INFO 25812 --- [appointment-amqp] [           main] o.s.amqp.rabbit.core.RabbitAdmin         : Auto-declaring a non-durable, auto-delete, or exclusive Queue (createPaymentQueue) durable:false, auto-delete:false, exclusive:false. It will be redeclared if the broker stops and is restarted while the connection factory is alive, but all messages will be lost.
2024-07-04T18:33:50.520+08:00  INFO 25812 --- [appointment-amqp] [           main] o.s.amqp.rabbit.core.RabbitAdmin         : Auto-declaring a non-durable, auto-delete, or exclusive Queue (createMedicineQueue) durable:false, auto-delete:false, exclusive:false. It will be redeclared if the broker stops and is restarted while the connection factory is alive, but all messages will be lost.
2024-07-04T18:33:50.520+08:00  INFO 25812 --- [appointment-amqp] [           main] o.s.amqp.rabbit.core.RabbitAdmin         : Auto-declaring a non-durable, auto-delete, or exclusive Queue (createAppointment) durable:false, auto-delete:false, exclusive:false. It will be redeclared if the broker stops and is restarted while the connection factory is alive, but all messages will be lost.
2024-07-04T18:33:50.520+08:00  INFO 25812 --- [appointment-amqp] [           main] o.s.amqp.rabbit.core.RabbitAdmin         : Auto-declaring a non-durable, auto-delete, or exclusive Queue (deleteAppointmentQueue) durable:false, auto-delete:false, exclusive:false. It will be redeclared if the broker stops and is restarted while the connection factory is alive, but all messages will be lost.
2024-07-04T18:33:50.521+08:00  INFO 25812 --- [appointment-amqp] [           main] o.s.amqp.rabbit.core.RabbitAdmin         : Auto-declaring a non-durable, auto-delete, or exclusive Queue (deleteMedicineQueue) durable:false, auto-delete:false, exclusive:false. It will be redeclared if the broker stops and is restarted while the connection factory is alive, but all messages will be lost.
2024-07-04T18:33:50.521+08:00  INFO 25812 --- [appointment-amqp] [           main] o.s.amqp.rabbit.core.RabbitAdmin         : Auto-declaring a non-durable, auto-delete, or exclusive Queue (deletePaymentQueue) durable:false, auto-delete:false, exclusive:false. It will be redeclared if the broker stops and is restarted while the connection factory is alive, but all messages will be lost.
2024-07-04T18:33:50.521+08:00  INFO 25812 --- [appointment-amqp] [           main] o.s.amqp.rabbit.core.RabbitAdmin         : Auto-declaring a non-durable, auto-delete, or exclusive Queue (deleteConsultationQueue) durable:false, auto-delete:false, exclusive:false. It will be redeclared if the broker stops and is restarted while the connection factory is alive, but all messages will be lost.
2024-07-04T18:33:50.521+08:00  INFO 25812 --- [appointment-amqp] [           main] o.s.amqp.rabbit.core.RabbitAdmin         : Auto-declaring a non-durable, auto-delete, or exclusive Queue (returnMedicalRecordQueue) durable:false, auto-delete:false, exclusive:false. It will be redeclared if the broker stops and is restarted while the connection factory is alive, but all messages will be lost.
2024-07-04T18:33:50.521+08:00  INFO 25812 --- [appointment-amqp] [           main] o.s.amqp.rabbit.core.RabbitAdmin         : Auto-declaring a non-durable, auto-delete, or exclusive Queue (returnMedicalRecordsQueue) durable:false, auto-delete:false, exclusive:false. It will be redeclared if the broker stops and is restarted while the connection factory is alive, but all messages will be lost.
2024-07-04T18:33:50.521+08:00  INFO 25812 --- [appointment-amqp] [           main] o.s.amqp.rabbit.core.RabbitAdmin         : Auto-declaring a non-durable, auto-delete, or exclusive Queue (getIdByOwnerQueue) durable:false, auto-delete:false, exclusive:false. It will be redeclared if the broker stops and is restarted while the connection factory is alive, but all messages will be lost.
2024-07-04T18:33:50.688+08:00  INFO 25812 --- [appointment-amqp] [           main] n.n.o.contract.ContractVerifierTest      : Started ContractVerifierTest in 5.757 seconds (process running for 11.964)
2024-07-04T18:33:51.096+08:00  INFO 25812 --- [appointment-amqp] [ntContainer#2-1] n.n.o.contract.RabbitMessageVerifier     : Got a message! [GenericMessage [payload=nl.nl0e0.petclinicentity.appointment.CreateAppointmentDTO@393ab118, headers={amqp_receivedDeliveryMode=PERSISTENT, amqp_receivedExchange=createAppointment, amqp_deliveryTag=1, amqp_consumerQueue=createAppointment, amqp_redelivered=false, amqp_receivedRoutingKey=createAppointment, amqp_contentEncoding=UTF-8, id=4f8e51b0-0130-50d8-a08c-5a9d00714a26, amqp_consumerTag=amq.ctag--CnW-4BF4Vq74YFGHZjo4Q, amqp_lastInBatch=false, contentType=application/json, __TypeId__=nl.nl0e0.petclinicentity.appointment.CreateAppointmentDTO, timestamp=1720089231096}]]
]]></system-out>
  </testcase>
</testsuite>